Simulator report for incrementadorGray
Wed Oct  2 22:11:24 2019
Quartus II 32-bit Version 13.0.1 Build 232 06/12/2013 Service Pack 1 SJ Full Version


---------------------
; Table of Contents ;
---------------------
  1. Legal Notice
  2. Simulator Summary
  3. Simulator Settings
  4. Simulation Waveforms
  5. Coverage Summary
  6. Complete 1/0-Value Coverage
  7. Missing 1-Value Coverage
  8. Missing 0-Value Coverage
  9. Simulator INI Usage
 10. Simulator Messages



----------------
; Legal Notice ;
----------------
Copyright (C) 1991-2013 Altera Corporation
Your use of Altera Corporation's design tools, logic functions 
and other software and tools, and its AMPP partner logic 
functions, and any output files from any of the foregoing 
(including device programming or simulation files), and any 
associated documentation or information are expressly subject 
to the terms and conditions of the Altera Program License 
Subscription Agreement, Altera MegaCore Function License 
Agreement, or other applicable license agreement, including, 
without limitation, that your use is for the sole purpose of 
programming logic devices manufactured by Altera and sold by 
Altera or its authorized distributors.  Please refer to the 
applicable agreement for further details.



+--------------------------------------------+
; Simulator Summary                          ;
+-----------------------------+--------------+
; Type                        ; Value        ;
+-----------------------------+--------------+
; Simulation Start Time       ; 0 ps         ;
; Simulation End Time         ; 1.0 us       ;
; Simulation Netlist Size     ; 130 nodes    ;
; Simulation Coverage         ;      34.53 % ;
; Total Number of Transitions ; 618          ;
; Simulation Breakpoints      ; 0            ;
; Family                      ; Cyclone      ;
+-----------------------------+--------------+


+--------------------------------------------------------------------------------------------------------------------------------------------------------+
; Simulator Settings                                                                                                                                     ;
+--------------------------------------------------------------------------------------------+-------------------------------------------+---------------+
; Option                                                                                     ; Setting                                   ; Default Value ;
+--------------------------------------------------------------------------------------------+-------------------------------------------+---------------+
; Simulation mode                                                                            ; Functional                                ; Timing        ;
; Start time                                                                                 ; 0 ns                                      ; 0 ns          ;
; Simulation results format                                                                  ; VWF                                       ;               ;
; Vector input source                                                                        ; /home/andre/DLP29006/DLP/AE2/Waveform.vwf ;               ;
; Add pins automatically to simulation output waveforms                                      ; On                                        ; On            ;
; Check outputs                                                                              ; Off                                       ; Off           ;
; Report simulation coverage                                                                 ; On                                        ; On            ;
; Display complete 1/0 value coverage report                                                 ; On                                        ; On            ;
; Display missing 1-value coverage report                                                    ; On                                        ; On            ;
; Display missing 0-value coverage report                                                    ; On                                        ; On            ;
; Detect setup and hold time violations                                                      ; Off                                       ; Off           ;
; Detect glitches                                                                            ; Off                                       ; Off           ;
; Disable timing delays in Timing Simulation                                                 ; Off                                       ; Off           ;
; Generate Signal Activity File                                                              ; Off                                       ; Off           ;
; Generate VCD File for PowerPlay Power Analyzer                                             ; Off                                       ; Off           ;
; Group bus channels in simulation results                                                   ; Off                                       ; Off           ;
; Preserve fewer signal transitions to reduce memory requirements                            ; On                                        ; On            ;
; Trigger vector comparison with the specified mode                                          ; INPUT_EDGE                                ; INPUT_EDGE    ;
; Disable setup and hold time violations detection in input registers of bi-directional pins ; Off                                       ; Off           ;
; Overwrite Waveform Inputs With Simulation Outputs                                          ; Off                                       ;               ;
; Perform Glitch Filtering in Timing Simulation                                              ; Auto                                      ; Auto          ;
+--------------------------------------------------------------------------------------------+-------------------------------------------+---------------+


+----------------------+
; Simulation Waveforms ;
+----------------------+
Waveform report data cannot be output to ASCII.
Please use Quartus II 32-bit to view the waveform report data.


+--------------------------------------------------------------------+
; Coverage Summary                                                   ;
+-----------------------------------------------------+--------------+
; Type                                                ; Value        ;
+-----------------------------------------------------+--------------+
; Total coverage as a percentage                      ;      34.53 % ;
; Total nodes checked                                 ; 130          ;
; Total output ports checked                          ; 139          ;
; Total output ports with complete 1/0-value coverage ; 48           ;
; Total output ports with no 1/0-value coverage       ; 87           ;
; Total output ports with no 1-value coverage         ; 87           ;
; Total output ports with no 0-value coverage         ; 91           ;
+-----------------------------------------------------+--------------+


The following table displays output ports that toggle between 1 and 0 during simulation.
+---------------------------------------------------------------------------------------------------------------------------------------------------------------------------------------------------------+
; Complete 1/0-Value Coverage                                                                                                                                                                             ;
+----------------------------------------------------------------------------------------+---------------------------------------------------------------------------------------------+------------------+
; Node Name                                                                              ; Output Port Name                                                                            ; Output Port Type ;
+----------------------------------------------------------------------------------------+---------------------------------------------------------------------------------------------+------------------+
; |incrementadorGray|bin_i[2]                                                            ; |incrementadorGray|bin_i[2]                                                                 ; out0             ;
; |incrementadorGray|bin_i[1]                                                            ; |incrementadorGray|bin_i[1]                                                                 ; out0             ;
; |incrementadorGray|bin_i[0]                                                            ; |incrementadorGray|bin_i[0]                                                                 ; out0             ;
; |incrementadorGray|y~4                                                                 ; |incrementadorGray|y~4                                                                      ; out0             ;
; |incrementadorGray|y~5                                                                 ; |incrementadorGray|y~5                                                                      ; out0             ;
; |incrementadorGray|y~6                                                                 ; |incrementadorGray|y~6                                                                      ; out0             ;
; |incrementadorGray|y~7                                                                 ; |incrementadorGray|y~7                                                                      ; out0             ;
; |incrementadorGray|y~8                                                                 ; |incrementadorGray|y~8                                                                      ; out0             ;
; |incrementadorGray|gray[0]                                                             ; |incrementadorGray|gray[0]                                                                  ; out              ;
; |incrementadorGray|gray[1]                                                             ; |incrementadorGray|gray[1]                                                                  ; out              ;
; |incrementadorGray|gray[2]                                                             ; |incrementadorGray|gray[2]                                                                  ; out              ;
; |incrementadorGray|y[0]                                                                ; |incrementadorGray|y[0]                                                                     ; pin_out          ;
; |incrementadorGray|y[1]                                                                ; |incrementadorGray|y[1]                                                                     ; pin_out          ;
; |incrementadorGray|y[2]                                                                ; |incrementadorGray|y[2]                                                                     ; pin_out          ;
; |incrementadorGray|y[3]                                                                ; |incrementadorGray|y[3]                                                                     ; pin_out          ;
; |incrementadorGray|y[4]                                                                ; |incrementadorGray|y[4]                                                                     ; pin_out          ;
; |incrementadorGray|lpm_add_sub:Add0|result_node[0]                                     ; |incrementadorGray|lpm_add_sub:Add0|result_node[0]                                          ; out0             ;
; |incrementadorGray|lpm_add_sub:Add0|result_node[1]                                     ; |incrementadorGray|lpm_add_sub:Add0|result_node[1]                                          ; out0             ;
; |incrementadorGray|lpm_add_sub:Add0|result_node[2]                                     ; |incrementadorGray|lpm_add_sub:Add0|result_node[2]                                          ; out0             ;
; |incrementadorGray|lpm_add_sub:Add0|result_node[3]                                     ; |incrementadorGray|lpm_add_sub:Add0|result_node[3]                                          ; out0             ;
; |incrementadorGray|lpm_add_sub:Add0|result_node[4]                                     ; |incrementadorGray|lpm_add_sub:Add0|result_node[4]                                          ; out0             ;
; |incrementadorGray|lpm_add_sub:Add0|addcore:adder|unreg_res_node[0]~0                  ; |incrementadorGray|lpm_add_sub:Add0|addcore:adder|unreg_res_node[0]~0                       ; out0             ;
; |incrementadorGray|lpm_add_sub:Add0|addcore:adder|unreg_res_node[0]                    ; |incrementadorGray|lpm_add_sub:Add0|addcore:adder|unreg_res_node[0]                         ; out0             ;
; |incrementadorGray|lpm_add_sub:Add0|addcore:adder|_~0                                  ; |incrementadorGray|lpm_add_sub:Add0|addcore:adder|_~0                                       ; out0             ;
; |incrementadorGray|lpm_add_sub:Add0|addcore:adder|_~3                                  ; |incrementadorGray|lpm_add_sub:Add0|addcore:adder|_~3                                       ; out0             ;
; |incrementadorGray|lpm_add_sub:Add0|addcore:adder|unreg_res_node[2]~8                  ; |incrementadorGray|lpm_add_sub:Add0|addcore:adder|unreg_res_node[2]~8                       ; out0             ;
; |incrementadorGray|lpm_add_sub:Add0|addcore:adder|unreg_res_node[1]~9                  ; |incrementadorGray|lpm_add_sub:Add0|addcore:adder|unreg_res_node[1]~9                       ; out0             ;
; |incrementadorGray|lpm_add_sub:Add0|addcore:adder|unreg_res_node[4]                    ; |incrementadorGray|lpm_add_sub:Add0|addcore:adder|unreg_res_node[4]                         ; out0             ;
; |incrementadorGray|lpm_add_sub:Add0|addcore:adder|unreg_res_node[3]                    ; |incrementadorGray|lpm_add_sub:Add0|addcore:adder|unreg_res_node[3]                         ; out0             ;
; |incrementadorGray|lpm_add_sub:Add0|addcore:adder|unreg_res_node[2]                    ; |incrementadorGray|lpm_add_sub:Add0|addcore:adder|unreg_res_node[2]                         ; out0             ;
; |incrementadorGray|lpm_add_sub:Add0|addcore:adder|unreg_res_node[1]                    ; |incrementadorGray|lpm_add_sub:Add0|addcore:adder|unreg_res_node[1]                         ; out0             ;
; |incrementadorGray|lpm_add_sub:Add0|addcore:adder|_~20                                 ; |incrementadorGray|lpm_add_sub:Add0|addcore:adder|_~20                                      ; out0             ;
; |incrementadorGray|lpm_add_sub:Add0|addcore:adder|_~21                                 ; |incrementadorGray|lpm_add_sub:Add0|addcore:adder|_~21                                      ; out0             ;
; |incrementadorGray|lpm_add_sub:Add0|addcore:adder|_~28                                 ; |incrementadorGray|lpm_add_sub:Add0|addcore:adder|_~28                                      ; out0             ;
; |incrementadorGray|lpm_add_sub:Add0|addcore:adder|_~29                                 ; |incrementadorGray|lpm_add_sub:Add0|addcore:adder|_~29                                      ; out0             ;
; |incrementadorGray|lpm_add_sub:Add0|addcore:adder|_~30                                 ; |incrementadorGray|lpm_add_sub:Add0|addcore:adder|_~30                                      ; out0             ;
; |incrementadorGray|lpm_add_sub:Add0|addcore:adder|_~37                                 ; |incrementadorGray|lpm_add_sub:Add0|addcore:adder|_~37                                      ; out0             ;
; |incrementadorGray|lpm_add_sub:Add0|addcore:adder|_~38                                 ; |incrementadorGray|lpm_add_sub:Add0|addcore:adder|_~38                                      ; out0             ;
; |incrementadorGray|lpm_add_sub:Add0|addcore:adder|_~39                                 ; |incrementadorGray|lpm_add_sub:Add0|addcore:adder|_~39                                      ; out0             ;
; |incrementadorGray|lpm_add_sub:Add0|addcore:adder|a_csnbuffer:result_node|cs_buffer[4] ; |incrementadorGray|lpm_add_sub:Add0|addcore:adder|a_csnbuffer:result_node|cs_buffer[4]      ; sout             ;
; |incrementadorGray|lpm_add_sub:Add0|addcore:adder|a_csnbuffer:result_node|cs_buffer[3] ; |incrementadorGray|lpm_add_sub:Add0|addcore:adder|a_csnbuffer:result_node|cs_buffer[3]~COUT ; cout             ;
; |incrementadorGray|lpm_add_sub:Add0|addcore:adder|a_csnbuffer:result_node|cs_buffer[3] ; |incrementadorGray|lpm_add_sub:Add0|addcore:adder|a_csnbuffer:result_node|cs_buffer[3]      ; sout             ;
; |incrementadorGray|lpm_add_sub:Add0|addcore:adder|a_csnbuffer:result_node|cs_buffer[2] ; |incrementadorGray|lpm_add_sub:Add0|addcore:adder|a_csnbuffer:result_node|cs_buffer[2]~COUT ; cout             ;
; |incrementadorGray|lpm_add_sub:Add0|addcore:adder|a_csnbuffer:result_node|cs_buffer[2] ; |incrementadorGray|lpm_add_sub:Add0|addcore:adder|a_csnbuffer:result_node|cs_buffer[2]      ; sout             ;
; |incrementadorGray|lpm_add_sub:Add0|addcore:adder|a_csnbuffer:result_node|cs_buffer[1] ; |incrementadorGray|lpm_add_sub:Add0|addcore:adder|a_csnbuffer:result_node|cs_buffer[1]~COUT ; cout             ;
; |incrementadorGray|lpm_add_sub:Add0|addcore:adder|a_csnbuffer:result_node|cs_buffer[1] ; |incrementadorGray|lpm_add_sub:Add0|addcore:adder|a_csnbuffer:result_node|cs_buffer[1]      ; sout             ;
; |incrementadorGray|lpm_add_sub:Add0|addcore:adder|a_csnbuffer:result_node|cs_buffer[0] ; |incrementadorGray|lpm_add_sub:Add0|addcore:adder|a_csnbuffer:result_node|cs_buffer[0]~COUT ; cout             ;
; |incrementadorGray|lpm_add_sub:Add0|addcore:adder|a_csnbuffer:result_node|cs_buffer[0] ; |incrementadorGray|lpm_add_sub:Add0|addcore:adder|a_csnbuffer:result_node|cs_buffer[0]      ; sout             ;
+----------------------------------------------------------------------------------------+---------------------------------------------------------------------------------------------+------------------+


The following table displays output ports that do not toggle to 1 during simulation.
+---------------------------------------------------------------------------------------------------------------------------------------------------------------------------------------------------------+
; Missing 1-Value Coverage                                                                                                                                                                                ;
+----------------------------------------------------------------------------------------+---------------------------------------------------------------------------------------------+------------------+
; Node Name                                                                              ; Output Port Name                                                                            ; Output Port Type ;
+----------------------------------------------------------------------------------------+---------------------------------------------------------------------------------------------+------------------+
; |incrementadorGray|bin_i[8]                                                            ; |incrementadorGray|bin_i[8]                                                                 ; out0             ;
; |incrementadorGray|bin_i[7]                                                            ; |incrementadorGray|bin_i[7]                                                                 ; out0             ;
; |incrementadorGray|bin_i[6]                                                            ; |incrementadorGray|bin_i[6]                                                                 ; out0             ;
; |incrementadorGray|bin_i[5]                                                            ; |incrementadorGray|bin_i[5]                                                                 ; out0             ;
; |incrementadorGray|bin_i[4]                                                            ; |incrementadorGray|bin_i[4]                                                                 ; out0             ;
; |incrementadorGray|y~0                                                                 ; |incrementadorGray|y~0                                                                      ; out0             ;
; |incrementadorGray|y~1                                                                 ; |incrementadorGray|y~1                                                                      ; out0             ;
; |incrementadorGray|y~2                                                                 ; |incrementadorGray|y~2                                                                      ; out0             ;
; |incrementadorGray|y~3                                                                 ; |incrementadorGray|y~3                                                                      ; out0             ;
; |incrementadorGray|gray[4]                                                             ; |incrementadorGray|gray[4]                                                                  ; out              ;
; |incrementadorGray|gray[5]                                                             ; |incrementadorGray|gray[5]                                                                  ; out              ;
; |incrementadorGray|gray[6]                                                             ; |incrementadorGray|gray[6]                                                                  ; out              ;
; |incrementadorGray|gray[7]                                                             ; |incrementadorGray|gray[7]                                                                  ; out              ;
; |incrementadorGray|gray[8]                                                             ; |incrementadorGray|gray[8]                                                                  ; out              ;
; |incrementadorGray|gray[9]                                                             ; |incrementadorGray|gray[9]                                                                  ; out              ;
; |incrementadorGray|y[5]                                                                ; |incrementadorGray|y[5]                                                                     ; pin_out          ;
; |incrementadorGray|y[6]                                                                ; |incrementadorGray|y[6]                                                                     ; pin_out          ;
; |incrementadorGray|y[7]                                                                ; |incrementadorGray|y[7]                                                                     ; pin_out          ;
; |incrementadorGray|y[8]                                                                ; |incrementadorGray|y[8]                                                                     ; pin_out          ;
; |incrementadorGray|y[9]                                                                ; |incrementadorGray|y[9]                                                                     ; pin_out          ;
; |incrementadorGray|lpm_add_sub:Add0|result_node[5]                                     ; |incrementadorGray|lpm_add_sub:Add0|result_node[5]                                          ; out0             ;
; |incrementadorGray|lpm_add_sub:Add0|result_node[6]                                     ; |incrementadorGray|lpm_add_sub:Add0|result_node[6]                                          ; out0             ;
; |incrementadorGray|lpm_add_sub:Add0|result_node[7]                                     ; |incrementadorGray|lpm_add_sub:Add0|result_node[7]                                          ; out0             ;
; |incrementadorGray|lpm_add_sub:Add0|result_node[8]                                     ; |incrementadorGray|lpm_add_sub:Add0|result_node[8]                                          ; out0             ;
; |incrementadorGray|lpm_add_sub:Add0|result_node[9]                                     ; |incrementadorGray|lpm_add_sub:Add0|result_node[9]                                          ; out0             ;
; |incrementadorGray|lpm_add_sub:Add0|addcore:adder|datab_node[0]~0                      ; |incrementadorGray|lpm_add_sub:Add0|addcore:adder|datab_node[0]~0                           ; out0             ;
; |incrementadorGray|lpm_add_sub:Add0|addcore:adder|datab_node[0]                        ; |incrementadorGray|lpm_add_sub:Add0|addcore:adder|datab_node[0]                             ; out0             ;
; |incrementadorGray|lpm_add_sub:Add0|addcore:adder|_~1                                  ; |incrementadorGray|lpm_add_sub:Add0|addcore:adder|_~1                                       ; out0             ;
; |incrementadorGray|lpm_add_sub:Add0|addcore:adder|_~2                                  ; |incrementadorGray|lpm_add_sub:Add0|addcore:adder|_~2                                       ; out0             ;
; |incrementadorGray|lpm_add_sub:Add0|addcore:adder|datab_node[9]~1                      ; |incrementadorGray|lpm_add_sub:Add0|addcore:adder|datab_node[9]~1                           ; out0             ;
; |incrementadorGray|lpm_add_sub:Add0|addcore:adder|datab_node[9]                        ; |incrementadorGray|lpm_add_sub:Add0|addcore:adder|datab_node[9]                             ; out0             ;
; |incrementadorGray|lpm_add_sub:Add0|addcore:adder|datab_node[8]                        ; |incrementadorGray|lpm_add_sub:Add0|addcore:adder|datab_node[8]                             ; out0             ;
; |incrementadorGray|lpm_add_sub:Add0|addcore:adder|datab_node[7]                        ; |incrementadorGray|lpm_add_sub:Add0|addcore:adder|datab_node[7]                             ; out0             ;
; |incrementadorGray|lpm_add_sub:Add0|addcore:adder|datab_node[6]                        ; |incrementadorGray|lpm_add_sub:Add0|addcore:adder|datab_node[6]                             ; out0             ;
; |incrementadorGray|lpm_add_sub:Add0|addcore:adder|datab_node[5]                        ; |incrementadorGray|lpm_add_sub:Add0|addcore:adder|datab_node[5]                             ; out0             ;
; |incrementadorGray|lpm_add_sub:Add0|addcore:adder|datab_node[4]                        ; |incrementadorGray|lpm_add_sub:Add0|addcore:adder|datab_node[4]                             ; out0             ;
; |incrementadorGray|lpm_add_sub:Add0|addcore:adder|datab_node[3]                        ; |incrementadorGray|lpm_add_sub:Add0|addcore:adder|datab_node[3]                             ; out0             ;
; |incrementadorGray|lpm_add_sub:Add0|addcore:adder|datab_node[2]                        ; |incrementadorGray|lpm_add_sub:Add0|addcore:adder|datab_node[2]                             ; out0             ;
; |incrementadorGray|lpm_add_sub:Add0|addcore:adder|datab_node[1]                        ; |incrementadorGray|lpm_add_sub:Add0|addcore:adder|datab_node[1]                             ; out0             ;
; |incrementadorGray|lpm_add_sub:Add0|addcore:adder|unreg_res_node[9]~1                  ; |incrementadorGray|lpm_add_sub:Add0|addcore:adder|unreg_res_node[9]~1                       ; out0             ;
; |incrementadorGray|lpm_add_sub:Add0|addcore:adder|unreg_res_node[8]~2                  ; |incrementadorGray|lpm_add_sub:Add0|addcore:adder|unreg_res_node[8]~2                       ; out0             ;
; |incrementadorGray|lpm_add_sub:Add0|addcore:adder|unreg_res_node[7]~3                  ; |incrementadorGray|lpm_add_sub:Add0|addcore:adder|unreg_res_node[7]~3                       ; out0             ;
; |incrementadorGray|lpm_add_sub:Add0|addcore:adder|unreg_res_node[6]~4                  ; |incrementadorGray|lpm_add_sub:Add0|addcore:adder|unreg_res_node[6]~4                       ; out0             ;
; |incrementadorGray|lpm_add_sub:Add0|addcore:adder|unreg_res_node[5]~5                  ; |incrementadorGray|lpm_add_sub:Add0|addcore:adder|unreg_res_node[5]~5                       ; out0             ;
; |incrementadorGray|lpm_add_sub:Add0|addcore:adder|unreg_res_node[4]~6                  ; |incrementadorGray|lpm_add_sub:Add0|addcore:adder|unreg_res_node[4]~6                       ; out0             ;
; |incrementadorGray|lpm_add_sub:Add0|addcore:adder|unreg_res_node[9]                    ; |incrementadorGray|lpm_add_sub:Add0|addcore:adder|unreg_res_node[9]                         ; out0             ;
; |incrementadorGray|lpm_add_sub:Add0|addcore:adder|unreg_res_node[8]                    ; |incrementadorGray|lpm_add_sub:Add0|addcore:adder|unreg_res_node[8]                         ; out0             ;
; |incrementadorGray|lpm_add_sub:Add0|addcore:adder|unreg_res_node[7]                    ; |incrementadorGray|lpm_add_sub:Add0|addcore:adder|unreg_res_node[7]                         ; out0             ;
; |incrementadorGray|lpm_add_sub:Add0|addcore:adder|unreg_res_node[6]                    ; |incrementadorGray|lpm_add_sub:Add0|addcore:adder|unreg_res_node[6]                         ; out0             ;
; |incrementadorGray|lpm_add_sub:Add0|addcore:adder|unreg_res_node[5]                    ; |incrementadorGray|lpm_add_sub:Add0|addcore:adder|unreg_res_node[5]                         ; out0             ;
; |incrementadorGray|lpm_add_sub:Add0|addcore:adder|_~4                                  ; |incrementadorGray|lpm_add_sub:Add0|addcore:adder|_~4                                       ; out0             ;
; |incrementadorGray|lpm_add_sub:Add0|addcore:adder|_~5                                  ; |incrementadorGray|lpm_add_sub:Add0|addcore:adder|_~5                                       ; out0             ;
; |incrementadorGray|lpm_add_sub:Add0|addcore:adder|_~6                                  ; |incrementadorGray|lpm_add_sub:Add0|addcore:adder|_~6                                       ; out0             ;
; |incrementadorGray|lpm_add_sub:Add0|addcore:adder|_~7                                  ; |incrementadorGray|lpm_add_sub:Add0|addcore:adder|_~7                                       ; out0             ;
; |incrementadorGray|lpm_add_sub:Add0|addcore:adder|_~8                                  ; |incrementadorGray|lpm_add_sub:Add0|addcore:adder|_~8                                       ; out0             ;
; |incrementadorGray|lpm_add_sub:Add0|addcore:adder|_~9                                  ; |incrementadorGray|lpm_add_sub:Add0|addcore:adder|_~9                                       ; out0             ;
; |incrementadorGray|lpm_add_sub:Add0|addcore:adder|_~10                                 ; |incrementadorGray|lpm_add_sub:Add0|addcore:adder|_~10                                      ; out0             ;
; |incrementadorGray|lpm_add_sub:Add0|addcore:adder|_~11                                 ; |incrementadorGray|lpm_add_sub:Add0|addcore:adder|_~11                                      ; out0             ;
; |incrementadorGray|lpm_add_sub:Add0|addcore:adder|_~12                                 ; |incrementadorGray|lpm_add_sub:Add0|addcore:adder|_~12                                      ; out0             ;
; |incrementadorGray|lpm_add_sub:Add0|addcore:adder|_~13                                 ; |incrementadorGray|lpm_add_sub:Add0|addcore:adder|_~13                                      ; out0             ;
; |incrementadorGray|lpm_add_sub:Add0|addcore:adder|_~14                                 ; |incrementadorGray|lpm_add_sub:Add0|addcore:adder|_~14                                      ; out0             ;
; |incrementadorGray|lpm_add_sub:Add0|addcore:adder|_~15                                 ; |incrementadorGray|lpm_add_sub:Add0|addcore:adder|_~15                                      ; out0             ;
; |incrementadorGray|lpm_add_sub:Add0|addcore:adder|_~16                                 ; |incrementadorGray|lpm_add_sub:Add0|addcore:adder|_~16                                      ; out0             ;
; |incrementadorGray|lpm_add_sub:Add0|addcore:adder|_~17                                 ; |incrementadorGray|lpm_add_sub:Add0|addcore:adder|_~17                                      ; out0             ;
; |incrementadorGray|lpm_add_sub:Add0|addcore:adder|_~18                                 ; |incrementadorGray|lpm_add_sub:Add0|addcore:adder|_~18                                      ; out0             ;
; |incrementadorGray|lpm_add_sub:Add0|addcore:adder|_~22                                 ; |incrementadorGray|lpm_add_sub:Add0|addcore:adder|_~22                                      ; out0             ;
; |incrementadorGray|lpm_add_sub:Add0|addcore:adder|_~23                                 ; |incrementadorGray|lpm_add_sub:Add0|addcore:adder|_~23                                      ; out0             ;
; |incrementadorGray|lpm_add_sub:Add0|addcore:adder|_~24                                 ; |incrementadorGray|lpm_add_sub:Add0|addcore:adder|_~24                                      ; out0             ;
; |incrementadorGray|lpm_add_sub:Add0|addcore:adder|_~25                                 ; |incrementadorGray|lpm_add_sub:Add0|addcore:adder|_~25                                      ; out0             ;
; |incrementadorGray|lpm_add_sub:Add0|addcore:adder|_~26                                 ; |incrementadorGray|lpm_add_sub:Add0|addcore:adder|_~26                                      ; out0             ;
; |incrementadorGray|lpm_add_sub:Add0|addcore:adder|_~27                                 ; |incrementadorGray|lpm_add_sub:Add0|addcore:adder|_~27                                      ; out0             ;
; |incrementadorGray|lpm_add_sub:Add0|addcore:adder|_~31                                 ; |incrementadorGray|lpm_add_sub:Add0|addcore:adder|_~31                                      ; out0             ;
; |incrementadorGray|lpm_add_sub:Add0|addcore:adder|_~32                                 ; |incrementadorGray|lpm_add_sub:Add0|addcore:adder|_~32                                      ; out0             ;
; |incrementadorGray|lpm_add_sub:Add0|addcore:adder|_~33                                 ; |incrementadorGray|lpm_add_sub:Add0|addcore:adder|_~33                                      ; out0             ;
; |incrementadorGray|lpm_add_sub:Add0|addcore:adder|_~34                                 ; |incrementadorGray|lpm_add_sub:Add0|addcore:adder|_~34                                      ; out0             ;
; |incrementadorGray|lpm_add_sub:Add0|addcore:adder|_~35                                 ; |incrementadorGray|lpm_add_sub:Add0|addcore:adder|_~35                                      ; out0             ;
; |incrementadorGray|lpm_add_sub:Add0|addcore:adder|_~36                                 ; |incrementadorGray|lpm_add_sub:Add0|addcore:adder|_~36                                      ; out0             ;
; |incrementadorGray|lpm_add_sub:Add0|addcore:adder|a_csnbuffer:result_node|cs_buffer[9] ; |incrementadorGray|lpm_add_sub:Add0|addcore:adder|a_csnbuffer:result_node|cs_buffer[9]      ; sout             ;
; |incrementadorGray|lpm_add_sub:Add0|addcore:adder|a_csnbuffer:result_node|cs_buffer[8] ; |incrementadorGray|lpm_add_sub:Add0|addcore:adder|a_csnbuffer:result_node|cs_buffer[8]~COUT ; cout             ;
; |incrementadorGray|lpm_add_sub:Add0|addcore:adder|a_csnbuffer:result_node|cs_buffer[8] ; |incrementadorGray|lpm_add_sub:Add0|addcore:adder|a_csnbuffer:result_node|cs_buffer[8]      ; sout             ;
; |incrementadorGray|lpm_add_sub:Add0|addcore:adder|a_csnbuffer:result_node|cs_buffer[7] ; |incrementadorGray|lpm_add_sub:Add0|addcore:adder|a_csnbuffer:result_node|cs_buffer[7]~COUT ; cout             ;
; |incrementadorGray|lpm_add_sub:Add0|addcore:adder|a_csnbuffer:result_node|cs_buffer[7] ; |incrementadorGray|lpm_add_sub:Add0|addcore:adder|a_csnbuffer:result_node|cs_buffer[7]      ; sout             ;
; |incrementadorGray|lpm_add_sub:Add0|addcore:adder|a_csnbuffer:result_node|cs_buffer[6] ; |incrementadorGray|lpm_add_sub:Add0|addcore:adder|a_csnbuffer:result_node|cs_buffer[6]~COUT ; cout             ;
; |incrementadorGray|lpm_add_sub:Add0|addcore:adder|a_csnbuffer:result_node|cs_buffer[6] ; |incrementadorGray|lpm_add_sub:Add0|addcore:adder|a_csnbuffer:result_node|cs_buffer[6]      ; sout             ;
; |incrementadorGray|lpm_add_sub:Add0|addcore:adder|a_csnbuffer:result_node|cs_buffer[5] ; |incrementadorGray|lpm_add_sub:Add0|addcore:adder|a_csnbuffer:result_node|cs_buffer[5]~COUT ; cout             ;
; |incrementadorGray|lpm_add_sub:Add0|addcore:adder|a_csnbuffer:result_node|cs_buffer[5] ; |incrementadorGray|lpm_add_sub:Add0|addcore:adder|a_csnbuffer:result_node|cs_buffer[5]      ; sout             ;
; |incrementadorGray|lpm_add_sub:Add0|addcore:adder|a_csnbuffer:result_node|cs_buffer[4] ; |incrementadorGray|lpm_add_sub:Add0|addcore:adder|a_csnbuffer:result_node|cs_buffer[4]~COUT ; cout             ;
+----------------------------------------------------------------------------------------+---------------------------------------------------------------------------------------------+------------------+


The following table displays output ports that do not toggle to 0 during simulation.
+---------------------------------------------------------------------------------------------------------------------------------------------------------------------------------------------------------+
; Missing 0-Value Coverage                                                                                                                                                                                ;
+----------------------------------------------------------------------------------------+---------------------------------------------------------------------------------------------+------------------+
; Node Name                                                                              ; Output Port Name                                                                            ; Output Port Type ;
+----------------------------------------------------------------------------------------+---------------------------------------------------------------------------------------------+------------------+
; |incrementadorGray|bin_i[8]                                                            ; |incrementadorGray|bin_i[8]                                                                 ; out0             ;
; |incrementadorGray|bin_i[7]                                                            ; |incrementadorGray|bin_i[7]                                                                 ; out0             ;
; |incrementadorGray|bin_i[6]                                                            ; |incrementadorGray|bin_i[6]                                                                 ; out0             ;
; |incrementadorGray|bin_i[5]                                                            ; |incrementadorGray|bin_i[5]                                                                 ; out0             ;
; |incrementadorGray|bin_i[4]                                                            ; |incrementadorGray|bin_i[4]                                                                 ; out0             ;
; |incrementadorGray|bin_i[3]                                                            ; |incrementadorGray|bin_i[3]                                                                 ; out0             ;
; |incrementadorGray|y~0                                                                 ; |incrementadorGray|y~0                                                                      ; out0             ;
; |incrementadorGray|y~1                                                                 ; |incrementadorGray|y~1                                                                      ; out0             ;
; |incrementadorGray|y~2                                                                 ; |incrementadorGray|y~2                                                                      ; out0             ;
; |incrementadorGray|y~3                                                                 ; |incrementadorGray|y~3                                                                      ; out0             ;
; |incrementadorGray|gray[3]                                                             ; |incrementadorGray|gray[3]                                                                  ; out              ;
; |incrementadorGray|gray[4]                                                             ; |incrementadorGray|gray[4]                                                                  ; out              ;
; |incrementadorGray|gray[5]                                                             ; |incrementadorGray|gray[5]                                                                  ; out              ;
; |incrementadorGray|gray[6]                                                             ; |incrementadorGray|gray[6]                                                                  ; out              ;
; |incrementadorGray|gray[7]                                                             ; |incrementadorGray|gray[7]                                                                  ; out              ;
; |incrementadorGray|gray[8]                                                             ; |incrementadorGray|gray[8]                                                                  ; out              ;
; |incrementadorGray|gray[9]                                                             ; |incrementadorGray|gray[9]                                                                  ; out              ;
; |incrementadorGray|y[5]                                                                ; |incrementadorGray|y[5]                                                                     ; pin_out          ;
; |incrementadorGray|y[6]                                                                ; |incrementadorGray|y[6]                                                                     ; pin_out          ;
; |incrementadorGray|y[7]                                                                ; |incrementadorGray|y[7]                                                                     ; pin_out          ;
; |incrementadorGray|y[8]                                                                ; |incrementadorGray|y[8]                                                                     ; pin_out          ;
; |incrementadorGray|y[9]                                                                ; |incrementadorGray|y[9]                                                                     ; pin_out          ;
; |incrementadorGray|lpm_add_sub:Add0|result_node[5]                                     ; |incrementadorGray|lpm_add_sub:Add0|result_node[5]                                          ; out0             ;
; |incrementadorGray|lpm_add_sub:Add0|result_node[6]                                     ; |incrementadorGray|lpm_add_sub:Add0|result_node[6]                                          ; out0             ;
; |incrementadorGray|lpm_add_sub:Add0|result_node[7]                                     ; |incrementadorGray|lpm_add_sub:Add0|result_node[7]                                          ; out0             ;
; |incrementadorGray|lpm_add_sub:Add0|result_node[8]                                     ; |incrementadorGray|lpm_add_sub:Add0|result_node[8]                                          ; out0             ;
; |incrementadorGray|lpm_add_sub:Add0|result_node[9]                                     ; |incrementadorGray|lpm_add_sub:Add0|result_node[9]                                          ; out0             ;
; |incrementadorGray|lpm_add_sub:Add0|addcore:adder|datab_node[0]~0                      ; |incrementadorGray|lpm_add_sub:Add0|addcore:adder|datab_node[0]~0                           ; out0             ;
; |incrementadorGray|lpm_add_sub:Add0|addcore:adder|datab_node[0]                        ; |incrementadorGray|lpm_add_sub:Add0|addcore:adder|datab_node[0]                             ; out0             ;
; |incrementadorGray|lpm_add_sub:Add0|addcore:adder|_~1                                  ; |incrementadorGray|lpm_add_sub:Add0|addcore:adder|_~1                                       ; out0             ;
; |incrementadorGray|lpm_add_sub:Add0|addcore:adder|_~2                                  ; |incrementadorGray|lpm_add_sub:Add0|addcore:adder|_~2                                       ; out0             ;
; |incrementadorGray|lpm_add_sub:Add0|addcore:adder|datab_node[9]~1                      ; |incrementadorGray|lpm_add_sub:Add0|addcore:adder|datab_node[9]~1                           ; out0             ;
; |incrementadorGray|lpm_add_sub:Add0|addcore:adder|datab_node[9]                        ; |incrementadorGray|lpm_add_sub:Add0|addcore:adder|datab_node[9]                             ; out0             ;
; |incrementadorGray|lpm_add_sub:Add0|addcore:adder|datab_node[8]                        ; |incrementadorGray|lpm_add_sub:Add0|addcore:adder|datab_node[8]                             ; out0             ;
; |incrementadorGray|lpm_add_sub:Add0|addcore:adder|datab_node[7]                        ; |incrementadorGray|lpm_add_sub:Add0|addcore:adder|datab_node[7]                             ; out0             ;
; |incrementadorGray|lpm_add_sub:Add0|addcore:adder|datab_node[6]                        ; |incrementadorGray|lpm_add_sub:Add0|addcore:adder|datab_node[6]                             ; out0             ;
; |incrementadorGray|lpm_add_sub:Add0|addcore:adder|datab_node[5]                        ; |incrementadorGray|lpm_add_sub:Add0|addcore:adder|datab_node[5]                             ; out0             ;
; |incrementadorGray|lpm_add_sub:Add0|addcore:adder|datab_node[4]                        ; |incrementadorGray|lpm_add_sub:Add0|addcore:adder|datab_node[4]                             ; out0             ;
; |incrementadorGray|lpm_add_sub:Add0|addcore:adder|datab_node[3]                        ; |incrementadorGray|lpm_add_sub:Add0|addcore:adder|datab_node[3]                             ; out0             ;
; |incrementadorGray|lpm_add_sub:Add0|addcore:adder|datab_node[2]                        ; |incrementadorGray|lpm_add_sub:Add0|addcore:adder|datab_node[2]                             ; out0             ;
; |incrementadorGray|lpm_add_sub:Add0|addcore:adder|datab_node[1]                        ; |incrementadorGray|lpm_add_sub:Add0|addcore:adder|datab_node[1]                             ; out0             ;
; |incrementadorGray|lpm_add_sub:Add0|addcore:adder|unreg_res_node[9]~1                  ; |incrementadorGray|lpm_add_sub:Add0|addcore:adder|unreg_res_node[9]~1                       ; out0             ;
; |incrementadorGray|lpm_add_sub:Add0|addcore:adder|unreg_res_node[8]~2                  ; |incrementadorGray|lpm_add_sub:Add0|addcore:adder|unreg_res_node[8]~2                       ; out0             ;
; |incrementadorGray|lpm_add_sub:Add0|addcore:adder|unreg_res_node[7]~3                  ; |incrementadorGray|lpm_add_sub:Add0|addcore:adder|unreg_res_node[7]~3                       ; out0             ;
; |incrementadorGray|lpm_add_sub:Add0|addcore:adder|unreg_res_node[6]~4                  ; |incrementadorGray|lpm_add_sub:Add0|addcore:adder|unreg_res_node[6]~4                       ; out0             ;
; |incrementadorGray|lpm_add_sub:Add0|addcore:adder|unreg_res_node[5]~5                  ; |incrementadorGray|lpm_add_sub:Add0|addcore:adder|unreg_res_node[5]~5                       ; out0             ;
; |incrementadorGray|lpm_add_sub:Add0|addcore:adder|unreg_res_node[4]~6                  ; |incrementadorGray|lpm_add_sub:Add0|addcore:adder|unreg_res_node[4]~6                       ; out0             ;
; |incrementadorGray|lpm_add_sub:Add0|addcore:adder|unreg_res_node[3]~7                  ; |incrementadorGray|lpm_add_sub:Add0|addcore:adder|unreg_res_node[3]~7                       ; out0             ;
; |incrementadorGray|lpm_add_sub:Add0|addcore:adder|unreg_res_node[9]                    ; |incrementadorGray|lpm_add_sub:Add0|addcore:adder|unreg_res_node[9]                         ; out0             ;
; |incrementadorGray|lpm_add_sub:Add0|addcore:adder|unreg_res_node[8]                    ; |incrementadorGray|lpm_add_sub:Add0|addcore:adder|unreg_res_node[8]                         ; out0             ;
; |incrementadorGray|lpm_add_sub:Add0|addcore:adder|unreg_res_node[7]                    ; |incrementadorGray|lpm_add_sub:Add0|addcore:adder|unreg_res_node[7]                         ; out0             ;
; |incrementadorGray|lpm_add_sub:Add0|addcore:adder|unreg_res_node[6]                    ; |incrementadorGray|lpm_add_sub:Add0|addcore:adder|unreg_res_node[6]                         ; out0             ;
; |incrementadorGray|lpm_add_sub:Add0|addcore:adder|unreg_res_node[5]                    ; |incrementadorGray|lpm_add_sub:Add0|addcore:adder|unreg_res_node[5]                         ; out0             ;
; |incrementadorGray|lpm_add_sub:Add0|addcore:adder|_~4                                  ; |incrementadorGray|lpm_add_sub:Add0|addcore:adder|_~4                                       ; out0             ;
; |incrementadorGray|lpm_add_sub:Add0|addcore:adder|_~5                                  ; |incrementadorGray|lpm_add_sub:Add0|addcore:adder|_~5                                       ; out0             ;
; |incrementadorGray|lpm_add_sub:Add0|addcore:adder|_~6                                  ; |incrementadorGray|lpm_add_sub:Add0|addcore:adder|_~6                                       ; out0             ;
; |incrementadorGray|lpm_add_sub:Add0|addcore:adder|_~7                                  ; |incrementadorGray|lpm_add_sub:Add0|addcore:adder|_~7                                       ; out0             ;
; |incrementadorGray|lpm_add_sub:Add0|addcore:adder|_~8                                  ; |incrementadorGray|lpm_add_sub:Add0|addcore:adder|_~8                                       ; out0             ;
; |incrementadorGray|lpm_add_sub:Add0|addcore:adder|_~9                                  ; |incrementadorGray|lpm_add_sub:Add0|addcore:adder|_~9                                       ; out0             ;
; |incrementadorGray|lpm_add_sub:Add0|addcore:adder|_~10                                 ; |incrementadorGray|lpm_add_sub:Add0|addcore:adder|_~10                                      ; out0             ;
; |incrementadorGray|lpm_add_sub:Add0|addcore:adder|_~11                                 ; |incrementadorGray|lpm_add_sub:Add0|addcore:adder|_~11                                      ; out0             ;
; |incrementadorGray|lpm_add_sub:Add0|addcore:adder|_~12                                 ; |incrementadorGray|lpm_add_sub:Add0|addcore:adder|_~12                                      ; out0             ;
; |incrementadorGray|lpm_add_sub:Add0|addcore:adder|_~13                                 ; |incrementadorGray|lpm_add_sub:Add0|addcore:adder|_~13                                      ; out0             ;
; |incrementadorGray|lpm_add_sub:Add0|addcore:adder|_~14                                 ; |incrementadorGray|lpm_add_sub:Add0|addcore:adder|_~14                                      ; out0             ;
; |incrementadorGray|lpm_add_sub:Add0|addcore:adder|_~15                                 ; |incrementadorGray|lpm_add_sub:Add0|addcore:adder|_~15                                      ; out0             ;
; |incrementadorGray|lpm_add_sub:Add0|addcore:adder|_~16                                 ; |incrementadorGray|lpm_add_sub:Add0|addcore:adder|_~16                                      ; out0             ;
; |incrementadorGray|lpm_add_sub:Add0|addcore:adder|_~17                                 ; |incrementadorGray|lpm_add_sub:Add0|addcore:adder|_~17                                      ; out0             ;
; |incrementadorGray|lpm_add_sub:Add0|addcore:adder|_~18                                 ; |incrementadorGray|lpm_add_sub:Add0|addcore:adder|_~18                                      ; out0             ;
; |incrementadorGray|lpm_add_sub:Add0|addcore:adder|_~19                                 ; |incrementadorGray|lpm_add_sub:Add0|addcore:adder|_~19                                      ; out0             ;
; |incrementadorGray|lpm_add_sub:Add0|addcore:adder|_~22                                 ; |incrementadorGray|lpm_add_sub:Add0|addcore:adder|_~22                                      ; out0             ;
; |incrementadorGray|lpm_add_sub:Add0|addcore:adder|_~23                                 ; |incrementadorGray|lpm_add_sub:Add0|addcore:adder|_~23                                      ; out0             ;
; |incrementadorGray|lpm_add_sub:Add0|addcore:adder|_~24                                 ; |incrementadorGray|lpm_add_sub:Add0|addcore:adder|_~24                                      ; out0             ;
; |incrementadorGray|lpm_add_sub:Add0|addcore:adder|_~25                                 ; |incrementadorGray|lpm_add_sub:Add0|addcore:adder|_~25                                      ; out0             ;
; |incrementadorGray|lpm_add_sub:Add0|addcore:adder|_~26                                 ; |incrementadorGray|lpm_add_sub:Add0|addcore:adder|_~26                                      ; out0             ;
; |incrementadorGray|lpm_add_sub:Add0|addcore:adder|_~27                                 ; |incrementadorGray|lpm_add_sub:Add0|addcore:adder|_~27                                      ; out0             ;
; |incrementadorGray|lpm_add_sub:Add0|addcore:adder|_~31                                 ; |incrementadorGray|lpm_add_sub:Add0|addcore:adder|_~31                                      ; out0             ;
; |incrementadorGray|lpm_add_sub:Add0|addcore:adder|_~32                                 ; |incrementadorGray|lpm_add_sub:Add0|addcore:adder|_~32                                      ; out0             ;
; |incrementadorGray|lpm_add_sub:Add0|addcore:adder|_~33                                 ; |incrementadorGray|lpm_add_sub:Add0|addcore:adder|_~33                                      ; out0             ;
; |incrementadorGray|lpm_add_sub:Add0|addcore:adder|_~34                                 ; |incrementadorGray|lpm_add_sub:Add0|addcore:adder|_~34                                      ; out0             ;
; |incrementadorGray|lpm_add_sub:Add0|addcore:adder|_~35                                 ; |incrementadorGray|lpm_add_sub:Add0|addcore:adder|_~35                                      ; out0             ;
; |incrementadorGray|lpm_add_sub:Add0|addcore:adder|_~36                                 ; |incrementadorGray|lpm_add_sub:Add0|addcore:adder|_~36                                      ; out0             ;
; |incrementadorGray|lpm_add_sub:Add0|addcore:adder|a_csnbuffer:result_node|cs_buffer[9] ; |incrementadorGray|lpm_add_sub:Add0|addcore:adder|a_csnbuffer:result_node|cs_buffer[9]      ; sout             ;
; |incrementadorGray|lpm_add_sub:Add0|addcore:adder|a_csnbuffer:result_node|cs_buffer[8] ; |incrementadorGray|lpm_add_sub:Add0|addcore:adder|a_csnbuffer:result_node|cs_buffer[8]~COUT ; cout             ;
; |incrementadorGray|lpm_add_sub:Add0|addcore:adder|a_csnbuffer:result_node|cs_buffer[8] ; |incrementadorGray|lpm_add_sub:Add0|addcore:adder|a_csnbuffer:result_node|cs_buffer[8]      ; sout             ;
; |incrementadorGray|lpm_add_sub:Add0|addcore:adder|a_csnbuffer:result_node|cs_buffer[7] ; |incrementadorGray|lpm_add_sub:Add0|addcore:adder|a_csnbuffer:result_node|cs_buffer[7]~COUT ; cout             ;
; |incrementadorGray|lpm_add_sub:Add0|addcore:adder|a_csnbuffer:result_node|cs_buffer[7] ; |incrementadorGray|lpm_add_sub:Add0|addcore:adder|a_csnbuffer:result_node|cs_buffer[7]      ; sout             ;
; |incrementadorGray|lpm_add_sub:Add0|addcore:adder|a_csnbuffer:result_node|cs_buffer[6] ; |incrementadorGray|lpm_add_sub:Add0|addcore:adder|a_csnbuffer:result_node|cs_buffer[6]~COUT ; cout             ;
; |incrementadorGray|lpm_add_sub:Add0|addcore:adder|a_csnbuffer:result_node|cs_buffer[6] ; |incrementadorGray|lpm_add_sub:Add0|addcore:adder|a_csnbuffer:result_node|cs_buffer[6]      ; sout             ;
; |incrementadorGray|lpm_add_sub:Add0|addcore:adder|a_csnbuffer:result_node|cs_buffer[5] ; |incrementadorGray|lpm_add_sub:Add0|addcore:adder|a_csnbuffer:result_node|cs_buffer[5]~COUT ; cout             ;
; |incrementadorGray|lpm_add_sub:Add0|addcore:adder|a_csnbuffer:result_node|cs_buffer[5] ; |incrementadorGray|lpm_add_sub:Add0|addcore:adder|a_csnbuffer:result_node|cs_buffer[5]      ; sout             ;
; |incrementadorGray|lpm_add_sub:Add0|addcore:adder|a_csnbuffer:result_node|cs_buffer[4] ; |incrementadorGray|lpm_add_sub:Add0|addcore:adder|a_csnbuffer:result_node|cs_buffer[4]~COUT ; cout             ;
+----------------------------------------------------------------------------------------+---------------------------------------------------------------------------------------------+------------------+


+---------------------+
; Simulator INI Usage ;
+--------+------------+
; Option ; Usage      ;
+--------+------------+


+--------------------+
; Simulator Messages ;
+--------------------+
Info: *******************************************************************
Info: Running Quartus II 32-bit Simulator
    Info: Version 13.0.1 Build 232 06/12/2013 Service Pack 1 SJ Full Version
    Info: Processing started: Wed Oct  2 22:11:23 2019
Info: Command: quartus_sim --simulation_results_format=VWF incrementadorGray -c incrementadorGray
Info (324025): Using vector source file "/home/andre/DLP29006/DLP/AE2/Waveform.vwf"
Info (310003): Option to preserve fewer signal transitions to reduce memory requirements is enabled
    Info (310004): Simulation has been partitioned into sub-simulations according to the maximum transition count determined by the engine. Transitions from memory will be flushed out to disk at the end of each sub-simulation to reduce memory requirements.
Info (310002): Simulation partitioned into 1 sub-simulations
Info (328053): Simulation coverage is      34.53 %
Info (328052): Number of transitions in simulation is 618
Info (324045): Vector file incrementadorGray.sim.vwf is saved in VWF text format. You can compress it into CVWF format in order to reduce file size. For more details please refer to the Quartus II Help.
Info: Quartus II 32-bit Simulator was successful. 0 errors, 0 warnings
    Info: Peak virtual memory: 273 megabytes
    Info: Processing ended: Wed Oct  2 22:11:24 2019
    Info: Elapsed time: 00:00:01
    Info: Total CPU time (on all processors): 00:00:01


