Analysis & Synthesis report for maquinaDeDoces
Mon Nov 11 08:02:08 2019
Quartus II 32-bit Version 13.0.1 Build 232 06/12/2013 Service Pack 1 SJ Full Version


---------------------
; Table of Contents ;
---------------------
  1. Legal Notice
  2. Analysis & Synthesis Summary
  3. Analysis & Synthesis Settings
  4. Parallel Compilation
  5. Analysis & Synthesis Messages



----------------
; Legal Notice ;
----------------
Copyright (C) 1991-2013 Altera Corporation
Your use of Altera Corporation's design tools, logic functions 
and other software and tools, and its AMPP partner logic 
functions, and any output files from any of the foregoing 
(including device programming or simulation files), and any 
associated documentation or information are expressly subject 
to the terms and conditions of the Altera Program License 
Subscription Agreement, Altera MegaCore Function License 
Agreement, or other applicable license agreement, including, 
without limitation, that your use is for the sole purpose of 
programming logic devices manufactured by Altera and sold by 
Altera or its authorized distributors.  Please refer to the 
applicable agreement for further details.



+---------------------------------------------------------------------------------------+
; Analysis & Synthesis Summary                                                          ;
+------------------------------------+--------------------------------------------------+
; Analysis & Synthesis Status        ; Failed - Mon Nov 11 08:02:08 2019                ;
; Quartus II 32-bit Version          ; 13.0.1 Build 232 06/12/2013 SP 1 SJ Full Version ;
; Revision Name                      ; maquinaDeDoces                                   ;
; Top-level Entity Name              ; maquinaDeDoces                                   ;
; Family                             ; Cyclone IV GX                                    ;
; Total logic elements               ; N/A until Partition Merge                        ;
;     Total combinational functions  ; N/A until Partition Merge                        ;
;     Dedicated logic registers      ; N/A until Partition Merge                        ;
; Total registers                    ; N/A until Partition Merge                        ;
; Total pins                         ; N/A until Partition Merge                        ;
; Total virtual pins                 ; N/A until Partition Merge                        ;
; Total memory bits                  ; N/A until Partition Merge                        ;
; Embedded Multiplier 9-bit elements ; N/A until Partition Merge                        ;
; Total GXB Receiver Channel PCS     ; N/A until Partition Merge                        ;
; Total GXB Receiver Channel PMA     ; N/A until Partition Merge                        ;
; Total GXB Transmitter Channel PCS  ; N/A until Partition Merge                        ;
; Total GXB Transmitter Channel PMA  ; N/A until Partition Merge                        ;
; Total PLLs                         ; N/A until Partition Merge                        ;
+------------------------------------+--------------------------------------------------+


+----------------------------------------------------------------------------------------------------------------------+
; Analysis & Synthesis Settings                                                                                        ;
+----------------------------------------------------------------------------+--------------------+--------------------+
; Option                                                                     ; Setting            ; Default Value      ;
+----------------------------------------------------------------------------+--------------------+--------------------+
; Top-level entity name                                                      ; maquinaDeDoces     ; maquinaDeDoces     ;
; Family name                                                                ; Cyclone IV GX      ; Cyclone IV GX      ;
; Use smart compilation                                                      ; Off                ; Off                ;
; Enable parallel Assembler and TimeQuest Timing Analyzer during compilation ; On                 ; On                 ;
; Enable compact report table                                                ; Off                ; Off                ;
; Restructure Multiplexers                                                   ; Auto               ; Auto               ;
; Create Debugging Nodes for IP Cores                                        ; Off                ; Off                ;
; Preserve fewer node names                                                  ; On                 ; On                 ;
; Disable OpenCore Plus hardware evaluation                                  ; Off                ; Off                ;
; Verilog Version                                                            ; Verilog_2001       ; Verilog_2001       ;
; VHDL Version                                                               ; VHDL_1993          ; VHDL_1993          ;
; State Machine Processing                                                   ; Auto               ; Auto               ;
; Safe State Machine                                                         ; Off                ; Off                ;
; Extract Verilog State Machines                                             ; On                 ; On                 ;
; Extract VHDL State Machines                                                ; On                 ; On                 ;
; Ignore Verilog initial constructs                                          ; Off                ; Off                ;
; Iteration limit for constant Verilog loops                                 ; 5000               ; 5000               ;
; Iteration limit for non-constant Verilog loops                             ; 250                ; 250                ;
; Add Pass-Through Logic to Inferred RAMs                                    ; On                 ; On                 ;
; Infer RAMs from Raw Logic                                                  ; On                 ; On                 ;
; Parallel Synthesis                                                         ; On                 ; On                 ;
; DSP Block Balancing                                                        ; Auto               ; Auto               ;
; NOT Gate Push-Back                                                         ; On                 ; On                 ;
; Power-Up Don't Care                                                        ; On                 ; On                 ;
; Remove Redundant Logic Cells                                               ; Off                ; Off                ;
; Remove Duplicate Registers                                                 ; On                 ; On                 ;
; Ignore CARRY Buffers                                                       ; Off                ; Off                ;
; Ignore CASCADE Buffers                                                     ; Off                ; Off                ;
; Ignore GLOBAL Buffers                                                      ; Off                ; Off                ;
; Ignore ROW GLOBAL Buffers                                                  ; Off                ; Off                ;
; Ignore LCELL Buffers                                                       ; Off                ; Off                ;
; Ignore SOFT Buffers                                                        ; On                 ; On                 ;
; Limit AHDL Integers to 32 Bits                                             ; Off                ; Off                ;
; Optimization Technique                                                     ; Balanced           ; Balanced           ;
; Carry Chain Length                                                         ; 70                 ; 70                 ;
; Auto Carry Chains                                                          ; On                 ; On                 ;
; Auto Open-Drain Pins                                                       ; On                 ; On                 ;
; Perform WYSIWYG Primitive Resynthesis                                      ; Off                ; Off                ;
; Auto ROM Replacement                                                       ; On                 ; On                 ;
; Auto RAM Replacement                                                       ; On                 ; On                 ;
; Auto DSP Block Replacement                                                 ; On                 ; On                 ;
; Auto Shift Register Replacement                                            ; Auto               ; Auto               ;
; Allow Shift Register Merging across Hierarchies                            ; Auto               ; Auto               ;
; Auto Clock Enable Replacement                                              ; On                 ; On                 ;
; Strict RAM Replacement                                                     ; Off                ; Off                ;
; Allow Synchronous Control Signals                                          ; On                 ; On                 ;
; Force Use of Synchronous Clear Signals                                     ; Off                ; Off                ;
; Auto RAM Block Balancing                                                   ; On                 ; On                 ;
; Auto RAM to Logic Cell Conversion                                          ; Off                ; Off                ;
; Auto Resource Sharing                                                      ; Off                ; Off                ;
; Allow Any RAM Size For Recognition                                         ; Off                ; Off                ;
; Allow Any ROM Size For Recognition                                         ; Off                ; Off                ;
; Allow Any Shift Register Size For Recognition                              ; Off                ; Off                ;
; Use LogicLock Constraints during Resource Balancing                        ; On                 ; On                 ;
; Ignore translate_off and synthesis_off directives                          ; Off                ; Off                ;
; Timing-Driven Synthesis                                                    ; On                 ; On                 ;
; Report Parameter Settings                                                  ; On                 ; On                 ;
; Report Source Assignments                                                  ; On                 ; On                 ;
; Report Connectivity Checks                                                 ; On                 ; On                 ;
; Ignore Maximum Fan-Out Assignments                                         ; Off                ; Off                ;
; Synchronization Register Chain Length                                      ; 2                  ; 2                  ;
; PowerPlay Power Optimization                                               ; Normal compilation ; Normal compilation ;
; HDL message level                                                          ; Level2             ; Level2             ;
; Suppress Register Optimization Related Messages                            ; Off                ; Off                ;
; Number of Removed Registers Reported in Synthesis Report                   ; 5000               ; 5000               ;
; Number of Swept Nodes Reported in Synthesis Report                         ; 5000               ; 5000               ;
; Number of Inverted Registers Reported in Synthesis Report                  ; 100                ; 100                ;
; Clock MUX Protection                                                       ; On                 ; On                 ;
; Auto Gated Clock Conversion                                                ; Off                ; Off                ;
; Block Design Naming                                                        ; Auto               ; Auto               ;
; SDC constraint protection                                                  ; Off                ; Off                ;
; Synthesis Effort                                                           ; Auto               ; Auto               ;
; Shift Register Replacement - Allow Asynchronous Clear Signal               ; On                 ; On                 ;
; Pre-Mapping Resynthesis Optimization                                       ; Off                ; Off                ;
; Analysis & Synthesis Message Level                                         ; Medium             ; Medium             ;
; Disable Register Merging Across Hierarchies                                ; Auto               ; Auto               ;
; Resource Aware Inference For Block RAM                                     ; On                 ; On                 ;
; Synthesis Seed                                                             ; 1                  ; 1                  ;
+----------------------------------------------------------------------------+--------------------+--------------------+


+------------------------------------------+
; Parallel Compilation                     ;
+----------------------------+-------------+
; Processors                 ; Number      ;
+----------------------------+-------------+
; Number detected on machine ; 4           ;
; Maximum allowed            ; 4           ;
;                            ;             ;
; Average used               ; 1.00        ;
; Maximum used               ; 1           ;
;                            ;             ;
; Usage by Processor         ; % Time Used ;
;     Processor 1            ; 100.0%      ;
;     Processors 2-4         ;   0.0%      ;
+----------------------------+-------------+


+-------------------------------+
; Analysis & Synthesis Messages ;
+-------------------------------+
Info: *******************************************************************
Info: Running Quartus II 32-bit Analysis & Synthesis
    Info: Version 13.0.1 Build 232 06/12/2013 Service Pack 1 SJ Full Version
    Info: Processing started: Mon Nov 11 08:02:07 2019
Info: Command: quartus_map --read_settings_files=on --write_settings_files=off maquinaDeDoces -c maquinaDeDoces
Info (20030): Parallel compilation is enabled and will use 4 of the 4 processors detected
Error (10500): VHDL syntax error at maquinaDeDoces.vhd(88) near text "thenLIBRARY";  expecting "then" File: /home/aluno/DLP/maquinaDeEstados/MaquinaDoce11-11/maquinaDeDoces.vhd Line: 88
Error (10500): VHDL syntax error at maquinaDeDoces.vhd(91) near text "ENTITY";  expecting "end", or "(", or an identifier ("entity" is a reserved keyword), or a sequential statement File: /home/aluno/DLP/maquinaDeEstados/MaquinaDoce11-11/maquinaDeDoces.vhd Line: 91
Error (10500): VHDL syntax error at maquinaDeDoces.vhd(93) near text ":";  expecting ")", or "," File: /home/aluno/DLP/maquinaDeEstados/MaquinaDoce11-11/maquinaDeDoces.vhd Line: 93
Error (10500): VHDL syntax error at maquinaDeDoces.vhd(94) near text ":";  expecting ")", or "," File: /home/aluno/DLP/maquinaDeEstados/MaquinaDoce11-11/maquinaDeDoces.vhd Line: 94
Error (10500): VHDL syntax error at maquinaDeDoces.vhd(95) near text ":";  expecting ")", or "," File: /home/aluno/DLP/maquinaDeEstados/MaquinaDoce11-11/maquinaDeDoces.vhd Line: 95
Error (10500): VHDL syntax error at maquinaDeDoces.vhd(99) near text ";";  expecting ":=", or "<=" File: /home/aluno/DLP/maquinaDeEstados/MaquinaDoce11-11/maquinaDeDoces.vhd Line: 99
Error (10500): VHDL syntax error at maquinaDeDoces.vhd(101) near text "ATTRIBUTE";  expecting "end", or "(", or an identifier ("attribute" is a reserved keyword), or a sequential statement File: /home/aluno/DLP/maquinaDeEstados/MaquinaDoce11-11/maquinaDeDoces.vhd Line: 101
Error (10500): VHDL syntax error at maquinaDeDoces.vhd(103) near text "ATTRIBUTE";  expecting "end", or "(", or an identifier ("attribute" is a reserved keyword), or a sequential statement File: /home/aluno/DLP/maquinaDeEstados/MaquinaDoce11-11/maquinaDeDoces.vhd Line: 103
Error (10500): VHDL syntax error at maquinaDeDoces.vhd(110) near text "BEGIN";  expecting ":=", or "<=" File: /home/aluno/DLP/maquinaDeEstados/MaquinaDoce11-11/maquinaDeDoces.vhd Line: 110
Error (10500): VHDL syntax error at maquinaDeDoces.vhd(116) near text "PROCESS";  expecting "if" File: /home/aluno/DLP/maquinaDeEstados/MaquinaDoce11-11/maquinaDeDoces.vhd Line: 116
Error (10500): VHDL syntax error at maquinaDeDoces.vhd(124) near text "BEGIN";  expecting ":=", or "<=" File: /home/aluno/DLP/maquinaDeEstados/MaquinaDoce11-11/maquinaDeDoces.vhd Line: 124
Error (10500): VHDL syntax error at maquinaDeDoces.vhd(239) near text "PROCESS";  expecting "if" File: /home/aluno/DLP/maquinaDeEstados/MaquinaDoce11-11/maquinaDeDoces.vhd Line: 239
Info (12021): Found 0 design units, including 0 entities, in source file maquinaDeDoces.vhd
Error: Quartus II 32-bit Analysis & Synthesis was unsuccessful. 12 errors, 0 warnings
    Error: Peak virtual memory: 383 megabytes
    Error: Processing ended: Mon Nov 11 08:02:08 2019
    Error: Elapsed time: 00:00:01
    Error: Total CPU time (on all processors): 00:00:01


