Flow report for COMP1
Sun Dec 15 15:12:19 2019
Quartus II 32-bit Version 13.0.1 Build 232 06/12/2013 Service Pack 1 SJ Full Version


---------------------
; Table of Contents ;
---------------------
  1. Legal Notice
  2. Flow Summary
  3. Flow Settings
  4. Flow Non-Default Global Settings
  5. Flow Elapsed Time
  6. Flow OS Summary
  7. Flow Log
  8. Flow Messages
  9. Flow Suppressed Messages



----------------
; Legal Notice ;
----------------
Copyright (C) 1991-2013 Altera Corporation
Your use of Altera Corporation's design tools, logic functions 
and other software and tools, and its AMPP partner logic 
functions, and any output files from any of the foregoing 
(including device programming or simulation files), and any 
associated documentation or information are expressly subject 
to the terms and conditions of the Altera Program License 
Subscription Agreement, Altera MegaCore Function License 
Agreement, or other applicable license agreement, including, 
without limitation, that your use is for the sole purpose of 
programming logic devices manufactured by Altera and sold by 
Altera or its authorized distributors.  Please refer to the 
applicable agreement for further details.



+------------------------------------------------------------------------------+
; Flow Summary                                                                 ;
+---------------------------+--------------------------------------------------+
; Flow Status               ; Successful - Sun Dec 15 15:12:18 2019            ;
; Quartus II 32-bit Version ; 13.0.1 Build 232 06/12/2013 SP 1 SJ Full Version ;
; Revision Name             ; COMP1                                            ;
; Top-level Entity Name     ; Q2                                               ;
; Family                    ; Cyclone                                          ;
; Device                    ; EP1C3T100A8                                      ;
; Timing Models             ; Final                                            ;
; Total logic elements      ; 24 / 2,910 ( < 1 % )                             ;
; Total pins                ; 27 / 65 ( 42 % )                                 ;
; Total virtual pins        ; 0                                                ;
; Total memory bits         ; 0 / 59,904 ( 0 % )                               ;
; Total PLLs                ; 0 / 1 ( 0 % )                                    ;
+---------------------------+--------------------------------------------------+


+-----------------------------------------+
; Flow Settings                           ;
+-------------------+---------------------+
; Option            ; Setting             ;
+-------------------+---------------------+
; Start date & time ; 12/15/2019 15:11:57 ;
; Main task         ; Compilation         ;
; Revision Name     ; COMP1               ;
+-------------------+---------------------+


+-------------------------------------------------------------------------------------------------------------+
; Flow Non-Default Global Settings                                                                            ;
+-------------------------------------+------------------------+---------------+-------------+----------------+
; Assignment Name                     ; Value                  ; Default Value ; Entity Name ; Section Id     ;
+-------------------------------------+------------------------+---------------+-------------+----------------+
; COMPILER_SIGNATURE_ID               ; 0.157643351712470      ; --            ; --          ; --             ;
; EDA_OUTPUT_DATA_FORMAT              ; Vhdl                   ; --            ; --          ; eda_simulation ;
; EDA_SIMULATION_TOOL                 ; ModelSim-Altera (VHDL) ; <None>        ; --          ; --             ;
; PARTITION_COLOR                     ; 16764057               ; --            ; Q2          ; Top            ;
; PARTITION_FITTER_PRESERVATION_LEVEL ; PLACEMENT_AND_ROUTING  ; --            ; Q2          ; Top            ;
; PARTITION_NETLIST_TYPE              ; SOURCE                 ; --            ; Q2          ; Top            ;
; PROJECT_OUTPUT_DIRECTORY            ; output_files           ; --            ; --          ; --             ;
; TOP_LEVEL_ENTITY                    ; Q2                     ; COMP1         ; --          ; --             ;
+-------------------------------------+------------------------+---------------+-------------+----------------+


+-------------------------------------------------------------------------------------------------------------------------------+
; Flow Elapsed Time                                                                                                             ;
+---------------------------+--------------+-------------------------+---------------------+------------------------------------+
; Module Name               ; Elapsed Time ; Average Processors Used ; Peak Virtual Memory ; Total CPU Time (on all processors) ;
+---------------------------+--------------+-------------------------+---------------------+------------------------------------+
; Analysis & Synthesis      ; 00:00:03     ; 1.0                     ; 354 MB              ; 00:00:02                           ;
; Fitter                    ; 00:00:05     ; 1.0                     ; 424 MB              ; 00:00:03                           ;
; Assembler                 ; 00:00:01     ; 1.0                     ; 321 MB              ; 00:00:01                           ;
; TimeQuest Timing Analyzer ; 00:00:01     ; 1.0                     ; 294 MB              ; 00:00:01                           ;
; EDA Netlist Writer        ; 00:00:00     ; 1.0                     ; 298 MB              ; 00:00:01                           ;
; Total                     ; 00:00:10     ; --                      ; --                  ; 00:00:08                           ;
+---------------------------+--------------+-------------------------+---------------------+------------------------------------+


+---------------------------------------------------------------------------------------------------+
; Flow OS Summary                                                                                   ;
+---------------------------+----------------------+------------------+------------+----------------+
; Module Name               ; Machine Hostname     ; OS Name          ; OS Version ; Processor type ;
+---------------------------+----------------------+------------------+------------+----------------+
; Analysis & Synthesis      ; sj-lin-labic-hskdxp1 ; Debian GNU/Linux ; 9          ; x86_64         ;
; Fitter                    ; sj-lin-labic-hskdxp1 ; Debian GNU/Linux ; 9          ; x86_64         ;
; Assembler                 ; sj-lin-labic-hskdxp1 ; Debian GNU/Linux ; 9          ; x86_64         ;
; TimeQuest Timing Analyzer ; sj-lin-labic-hskdxp1 ; Debian GNU/Linux ; 9          ; x86_64         ;
; EDA Netlist Writer        ; sj-lin-labic-hskdxp1 ; Debian GNU/Linux ; 9          ; x86_64         ;
+---------------------------+----------------------+------------------+------------+----------------+


------------
; Flow Log ;
------------
quartus_map --read_settings_files=on --write_settings_files=off COMP1 -c COMP1
quartus_fit --read_settings_files=off --write_settings_files=off COMP1 -c COMP1
quartus_asm --read_settings_files=off --write_settings_files=off COMP1 -c COMP1
quartus_sta COMP1 -c COMP1
quartus_eda --read_settings_files=off --write_settings_files=off COMP1 -c COMP1



