Analysis & Synthesis report for multiplicador4x4
Wed Aug 21 09:19:40 2019
Quartus II 32-bit Version 13.0.1 Build 232 06/12/2013 Service Pack 1 SJ Full Version


---------------------
; Table of Contents ;
---------------------
  1. Legal Notice
  2. Analysis & Synthesis Summary
  3. Analysis & Synthesis Settings
  4. Parallel Compilation
  5. Analysis & Synthesis Source Files Read
  6. Analysis & Synthesis Resource Usage Summary
  7. Analysis & Synthesis Resource Utilization by Entity
  8. General Register Statistics
  9. Parameter Settings for Inferred Entity Instance: lpm_mult:Mult0
 10. lpm_mult Parameter Settings by Entity Instance
 11. Elapsed Time Per Partition
 12. Analysis & Synthesis Messages



----------------
; Legal Notice ;
----------------
Copyright (C) 1991-2013 Altera Corporation
Your use of Altera Corporation's design tools, logic functions 
and other software and tools, and its AMPP partner logic 
functions, and any output files from any of the foregoing 
(including device programming or simulation files), and any 
associated documentation or information are expressly subject 
to the terms and conditions of the Altera Program License 
Subscription Agreement, Altera MegaCore Function License 
Agreement, or other applicable license agreement, including, 
without limitation, that your use is for the sole purpose of 
programming logic devices manufactured by Altera and sold by 
Altera or its authorized distributors.  Please refer to the 
applicable agreement for further details.



+--------------------------------------------------------------------------------+
; Analysis & Synthesis Summary                                                   ;
+-----------------------------+--------------------------------------------------+
; Analysis & Synthesis Status ; Successful - Wed Aug 21 09:19:40 2019            ;
; Quartus II 32-bit Version   ; 13.0.1 Build 232 06/12/2013 SP 1 SJ Full Version ;
; Revision Name               ; multiplicador4x4                                 ;
; Top-level Entity Name       ; multiplicador4x4                                 ;
; Family                      ; Cyclone                                          ;
; Total logic elements        ; 578                                              ;
; Total pins                  ; 96                                               ;
; Total virtual pins          ; 0                                                ;
; Total memory bits           ; 0                                                ;
; Total PLLs                  ; 0                                                ;
+-----------------------------+--------------------------------------------------+


+----------------------------------------------------------------------------------------------------------------------+
; Analysis & Synthesis Settings                                                                                        ;
+----------------------------------------------------------------------------+--------------------+--------------------+
; Option                                                                     ; Setting            ; Default Value      ;
+----------------------------------------------------------------------------+--------------------+--------------------+
; Device                                                                     ; EP1C3T144C6        ;                    ;
; Top-level entity name                                                      ; multiplicador4x4   ; multiplicador4x4   ;
; Family name                                                                ; Cyclone            ; Cyclone IV GX      ;
; Use smart compilation                                                      ; Off                ; Off                ;
; Enable parallel Assembler and TimeQuest Timing Analyzer during compilation ; On                 ; On                 ;
; Enable compact report table                                                ; Off                ; Off                ;
; Restructure Multiplexers                                                   ; Auto               ; Auto               ;
; Create Debugging Nodes for IP Cores                                        ; Off                ; Off                ;
; Preserve fewer node names                                                  ; On                 ; On                 ;
; Disable OpenCore Plus hardware evaluation                                  ; Off                ; Off                ;
; Verilog Version                                                            ; Verilog_2001       ; Verilog_2001       ;
; VHDL Version                                                               ; VHDL_1993          ; VHDL_1993          ;
; State Machine Processing                                                   ; Auto               ; Auto               ;
; Safe State Machine                                                         ; Off                ; Off                ;
; Extract Verilog State Machines                                             ; On                 ; On                 ;
; Extract VHDL State Machines                                                ; On                 ; On                 ;
; Ignore Verilog initial constructs                                          ; Off                ; Off                ;
; Iteration limit for constant Verilog loops                                 ; 5000               ; 5000               ;
; Iteration limit for non-constant Verilog loops                             ; 250                ; 250                ;
; Add Pass-Through Logic to Inferred RAMs                                    ; On                 ; On                 ;
; Infer RAMs from Raw Logic                                                  ; On                 ; On                 ;
; Parallel Synthesis                                                         ; On                 ; On                 ;
; NOT Gate Push-Back                                                         ; On                 ; On                 ;
; Power-Up Don't Care                                                        ; On                 ; On                 ;
; Remove Redundant Logic Cells                                               ; Off                ; Off                ;
; Remove Duplicate Registers                                                 ; On                 ; On                 ;
; Ignore CARRY Buffers                                                       ; Off                ; Off                ;
; Ignore CASCADE Buffers                                                     ; Off                ; Off                ;
; Ignore GLOBAL Buffers                                                      ; Off                ; Off                ;
; Ignore ROW GLOBAL Buffers                                                  ; Off                ; Off                ;
; Ignore LCELL Buffers                                                       ; Off                ; Off                ;
; Ignore SOFT Buffers                                                        ; On                 ; On                 ;
; Limit AHDL Integers to 32 Bits                                             ; Off                ; Off                ;
; Optimization Technique                                                     ; Balanced           ; Balanced           ;
; Carry Chain Length                                                         ; 70                 ; 70                 ;
; Auto Carry Chains                                                          ; On                 ; On                 ;
; Auto Open-Drain Pins                                                       ; On                 ; On                 ;
; Perform WYSIWYG Primitive Resynthesis                                      ; Off                ; Off                ;
; Auto ROM Replacement                                                       ; On                 ; On                 ;
; Auto RAM Replacement                                                       ; On                 ; On                 ;
; Auto Shift Register Replacement                                            ; Auto               ; Auto               ;
; Allow Shift Register Merging across Hierarchies                            ; Auto               ; Auto               ;
; Auto Clock Enable Replacement                                              ; On                 ; On                 ;
; Strict RAM Replacement                                                     ; Off                ; Off                ;
; Allow Synchronous Control Signals                                          ; On                 ; On                 ;
; Force Use of Synchronous Clear Signals                                     ; Off                ; Off                ;
; Auto RAM Block Balancing                                                   ; On                 ; On                 ;
; Auto RAM to Logic Cell Conversion                                          ; Off                ; Off                ;
; Auto Resource Sharing                                                      ; Off                ; Off                ;
; Allow Any RAM Size For Recognition                                         ; Off                ; Off                ;
; Allow Any ROM Size For Recognition                                         ; Off                ; Off                ;
; Allow Any Shift Register Size For Recognition                              ; Off                ; Off                ;
; Use LogicLock Constraints during Resource Balancing                        ; On                 ; On                 ;
; Ignore translate_off and synthesis_off directives                          ; Off                ; Off                ;
; Report Parameter Settings                                                  ; On                 ; On                 ;
; Report Source Assignments                                                  ; On                 ; On                 ;
; Report Connectivity Checks                                                 ; On                 ; On                 ;
; Ignore Maximum Fan-Out Assignments                                         ; Off                ; Off                ;
; Synchronization Register Chain Length                                      ; 2                  ; 2                  ;
; PowerPlay Power Optimization                                               ; Normal compilation ; Normal compilation ;
; HDL message level                                                          ; Level2             ; Level2             ;
; Suppress Register Optimization Related Messages                            ; Off                ; Off                ;
; Number of Removed Registers Reported in Synthesis Report                   ; 5000               ; 5000               ;
; Number of Swept Nodes Reported in Synthesis Report                         ; 5000               ; 5000               ;
; Number of Inverted Registers Reported in Synthesis Report                  ; 100                ; 100                ;
; Clock MUX Protection                                                       ; On                 ; On                 ;
; Block Design Naming                                                        ; Auto               ; Auto               ;
; Synthesis Effort                                                           ; Auto               ; Auto               ;
; Shift Register Replacement - Allow Asynchronous Clear Signal               ; On                 ; On                 ;
; Pre-Mapping Resynthesis Optimization                                       ; Off                ; Off                ;
; Analysis & Synthesis Message Level                                         ; Medium             ; Medium             ;
; Disable Register Merging Across Hierarchies                                ; Auto               ; Auto               ;
; Resource Aware Inference For Block RAM                                     ; On                 ; On                 ;
; Synthesis Seed                                                             ; 1                  ; 1                  ;
+----------------------------------------------------------------------------+--------------------+--------------------+


+------------------------------------------+
; Parallel Compilation                     ;
+----------------------------+-------------+
; Processors                 ; Number      ;
+----------------------------+-------------+
; Number detected on machine ; 4           ;
; Maximum allowed            ; 4           ;
;                            ;             ;
; Average used               ; 1.00        ;
; Maximum used               ; 1           ;
;                            ;             ;
; Usage by Processor         ; % Time Used ;
;     Processor 1            ; 100.0%      ;
;     Processors 2-4         ;   0.0%      ;
+----------------------------+-------------+


+-------------------------------------------------------------------------------------------------------------------------------------------------------------------+
; Analysis & Synthesis Source Files Read                                                                                                                            ;
+----------------------------------+-----------------+------------------------------+---------------------------------------------------------------------+---------+
; File Name with User-Entered Path ; Used in Netlist ; File Type                    ; File Name with Absolute Path                                        ; Library ;
+----------------------------------+-----------------+------------------------------+---------------------------------------------------------------------+---------+
; multiplicador4x4.vhd             ; yes             ; User VHDL File               ; /home/aluno/triState/ex03/multiplicador4x4.vhd                      ;         ;
; lpm_mult.tdf                     ; yes             ; Megafunction                 ; /opt/altera/13.0sp1/quartus/libraries/megafunctions/lpm_mult.tdf    ;         ;
; aglobal130.inc                   ; yes             ; Megafunction                 ; /opt/altera/13.0sp1/quartus/libraries/megafunctions/aglobal130.inc  ;         ;
; lpm_add_sub.inc                  ; yes             ; Megafunction                 ; /opt/altera/13.0sp1/quartus/libraries/megafunctions/lpm_add_sub.inc ;         ;
; multcore.inc                     ; yes             ; Megafunction                 ; /opt/altera/13.0sp1/quartus/libraries/megafunctions/multcore.inc    ;         ;
; bypassff.inc                     ; yes             ; Megafunction                 ; /opt/altera/13.0sp1/quartus/libraries/megafunctions/bypassff.inc    ;         ;
; altshift.inc                     ; yes             ; Megafunction                 ; /opt/altera/13.0sp1/quartus/libraries/megafunctions/altshift.inc    ;         ;
; db/mult_0qs.tdf                  ; yes             ; Auto-Generated Megafunction  ; /home/aluno/triState/ex03/db/mult_0qs.tdf                           ;         ;
+----------------------------------+-----------------+------------------------------+---------------------------------------------------------------------+---------+


+----------------------------------------------------------------------------------------------+
; Analysis & Synthesis Resource Usage Summary                                                  ;
+---------------------------------------------+------------------------------------------------+
; Resource                                    ; Usage                                          ;
+---------------------------------------------+------------------------------------------------+
; Total logic elements                        ; 578                                            ;
;     -- Combinational with no register       ; 578                                            ;
;     -- Register only                        ; 0                                              ;
;     -- Combinational with a register        ; 0                                              ;
;                                             ;                                                ;
; Logic element usage by number of LUT inputs ;                                                ;
;     -- 4 input functions                    ; 258                                            ;
;     -- 3 input functions                    ; 284                                            ;
;     -- 2 input functions                    ; 34                                             ;
;     -- 1 input functions                    ; 2                                              ;
;     -- 0 input functions                    ; 0                                              ;
;                                             ;                                                ;
; Logic elements by mode                      ;                                                ;
;     -- normal mode                          ; 292                                            ;
;     -- arithmetic mode                      ; 286                                            ;
;     -- qfbk mode                            ; 0                                              ;
;     -- register cascade mode                ; 0                                              ;
;     -- synchronous clear/load mode          ; 0                                              ;
;     -- asynchronous clear/load mode         ; 0                                              ;
;                                             ;                                                ;
; Total registers                             ; 0                                              ;
; Total logic cells in carry chains           ; 304                                            ;
; I/O pins                                    ; 96                                             ;
; Maximum fan-out node                        ; lpm_mult:Mult0|mult_0qs:auto_generated|cs1a[0] ;
; Maximum fan-out                             ; 34                                             ;
; Total fan-out                               ; 1986                                           ;
; Average fan-out                             ; 2.95                                           ;
+---------------------------------------------+------------------------------------------------+


+-----------------------------------------------------------------------------------------------------------------------------------------------------------------------------------------------------------------------------------------------------------------+
; Analysis & Synthesis Resource Utilization by Entity                                                                                                                                                                                                             ;
+---------------------------------+-------------+--------------+-------------+------+--------------+--------------+-------------------+------------------+-----------------+------------+----------------------------------------------------------+--------------+
; Compilation Hierarchy Node      ; Logic Cells ; LC Registers ; Memory Bits ; Pins ; Virtual Pins ; LUT-Only LCs ; Register-Only LCs ; LUT/Register LCs ; Carry Chain LCs ; Packed LCs ; Full Hierarchy Name                                      ; Library Name ;
+---------------------------------+-------------+--------------+-------------+------+--------------+--------------+-------------------+------------------+-----------------+------------+----------------------------------------------------------+--------------+
; |multiplicador4x4               ; 578 (0)     ; 0            ; 0           ; 96   ; 0            ; 578 (0)      ; 0 (0)             ; 0 (0)            ; 304 (0)         ; 0 (0)      ; |multiplicador4x4                                        ; work         ;
;    |lpm_mult:Mult0|             ; 578 (0)     ; 0            ; 0           ; 0    ; 0            ; 578 (0)      ; 0 (0)             ; 0 (0)            ; 304 (0)         ; 0 (0)      ; |multiplicador4x4|lpm_mult:Mult0                         ; work         ;
;       |mult_0qs:auto_generated| ; 578 (578)   ; 0            ; 0           ; 0    ; 0            ; 578 (578)    ; 0 (0)             ; 0 (0)            ; 304 (304)       ; 0 (0)      ; |multiplicador4x4|lpm_mult:Mult0|mult_0qs:auto_generated ; work         ;
+---------------------------------+-------------+--------------+-------------+------+--------------+--------------+-------------------+------------------+-----------------+------------+----------------------------------------------------------+--------------+
Note: For table entries with two numbers listed, the numbers in parentheses indicate the number of resources of the given type used by the specific entity alone. The numbers listed outside of parentheses indicate the total resources of the given type used by the specific entity and all of its sub-entities in the hierarchy.


+------------------------------------------------------+
; General Register Statistics                          ;
+----------------------------------------------+-------+
; Statistic                                    ; Value ;
+----------------------------------------------+-------+
; Total registers                              ; 0     ;
; Number of registers using Synchronous Clear  ; 0     ;
; Number of registers using Synchronous Load   ; 0     ;
; Number of registers using Asynchronous Clear ; 0     ;
; Number of registers using Asynchronous Load  ; 0     ;
; Number of registers using Clock Enable       ; 0     ;
; Number of registers using Preset             ; 0     ;
+----------------------------------------------+-------+


+---------------------------------------------------------------------------------+
; Parameter Settings for Inferred Entity Instance: lpm_mult:Mult0                 ;
+------------------------------------------------+----------+---------------------+
; Parameter Name                                 ; Value    ; Type                ;
+------------------------------------------------+----------+---------------------+
; AUTO_CARRY_CHAINS                              ; ON       ; AUTO_CARRY          ;
; IGNORE_CARRY_BUFFERS                           ; OFF      ; IGNORE_CARRY        ;
; AUTO_CASCADE_CHAINS                            ; ON       ; AUTO_CASCADE        ;
; IGNORE_CASCADE_BUFFERS                         ; OFF      ; IGNORE_CASCADE      ;
; LPM_WIDTHA                                     ; 32       ; Untyped             ;
; LPM_WIDTHB                                     ; 32       ; Untyped             ;
; LPM_WIDTHP                                     ; 64       ; Untyped             ;
; LPM_WIDTHR                                     ; 64       ; Untyped             ;
; LPM_WIDTHS                                     ; 1        ; Untyped             ;
; LPM_REPRESENTATION                             ; SIGNED   ; Untyped             ;
; LPM_PIPELINE                                   ; 0        ; Untyped             ;
; LATENCY                                        ; 0        ; Untyped             ;
; INPUT_A_IS_CONSTANT                            ; NO       ; Untyped             ;
; INPUT_B_IS_CONSTANT                            ; NO       ; Untyped             ;
; USE_EAB                                        ; OFF      ; Untyped             ;
; MAXIMIZE_SPEED                                 ; 5        ; Untyped             ;
; DEVICE_FAMILY                                  ; Cyclone  ; Untyped             ;
; CARRY_CHAIN                                    ; MANUAL   ; Untyped             ;
; APEX20K_TECHNOLOGY_MAPPER                      ; LUT      ; TECH_MAPPER_APEX20K ;
; DEDICATED_MULTIPLIER_CIRCUITRY                 ; AUTO     ; Untyped             ;
; DEDICATED_MULTIPLIER_MIN_INPUT_WIDTH_FOR_AUTO  ; 0        ; Untyped             ;
; DEDICATED_MULTIPLIER_MIN_OUTPUT_WIDTH_FOR_AUTO ; 0        ; Untyped             ;
; CBXI_PARAMETER                                 ; mult_0qs ; Untyped             ;
; INPUT_A_FIXED_VALUE                            ; Bx       ; Untyped             ;
; INPUT_B_FIXED_VALUE                            ; Bx       ; Untyped             ;
; USE_AHDL_IMPLEMENTATION                        ; OFF      ; Untyped             ;
+------------------------------------------------+----------+---------------------+
Note: In order to hide this table in the UI and the text report file, please set the "Show Parameter Settings in Synthesis Report" option in "Analysis and Synthesis Settings -> More Settings" to "Off".


+--------------------------------------------------------+
; lpm_mult Parameter Settings by Entity Instance         ;
+---------------------------------------+----------------+
; Name                                  ; Value          ;
+---------------------------------------+----------------+
; Number of entity instances            ; 1              ;
; Entity Instance                       ; lpm_mult:Mult0 ;
;     -- LPM_WIDTHA                     ; 32             ;
;     -- LPM_WIDTHB                     ; 32             ;
;     -- LPM_WIDTHP                     ; 64             ;
;     -- LPM_REPRESENTATION             ; SIGNED         ;
;     -- INPUT_A_IS_CONSTANT            ; NO             ;
;     -- INPUT_B_IS_CONSTANT            ; NO             ;
;     -- USE_EAB                        ; OFF            ;
;     -- DEDICATED_MULTIPLIER_CIRCUITRY ; AUTO           ;
;     -- INPUT_A_FIXED_VALUE            ; Bx             ;
;     -- INPUT_B_FIXED_VALUE            ; Bx             ;
+---------------------------------------+----------------+


+-------------------------------+
; Elapsed Time Per Partition    ;
+----------------+--------------+
; Partition Name ; Elapsed Time ;
+----------------+--------------+
; Top            ; 00:00:00     ;
+----------------+--------------+


+-------------------------------+
; Analysis & Synthesis Messages ;
+-------------------------------+
Info: *******************************************************************
Info: Running Quartus II 32-bit Analysis & Synthesis
    Info: Version 13.0.1 Build 232 06/12/2013 Service Pack 1 SJ Full Version
    Info: Processing started: Wed Aug 21 09:19:37 2019
Info: Command: quartus_map --read_settings_files=on --write_settings_files=off multiplicador4x4 -c multiplicador4x4
Info (20030): Parallel compilation is enabled and will use 4 of the 4 processors detected
Info (12021): Found 2 design units, including 1 entities, in source file multiplicador4x4.vhd
    Info (12022): Found design unit 1: multiplicador4x4-v1
    Info (12023): Found entity 1: multiplicador4x4
Info (12127): Elaborating entity "multiplicador4x4" for the top level hierarchy
Info (278001): Inferred 1 megafunctions from design logic
    Info (278003): Inferred multiplier megafunction ("lpm_mult") from the following logic: "Mult0"
Info (12130): Elaborated megafunction instantiation "lpm_mult:Mult0"
Info (12133): Instantiated megafunction "lpm_mult:Mult0" with the following parameter:
    Info (12134): Parameter "LPM_WIDTHA" = "32"
    Info (12134): Parameter "LPM_WIDTHB" = "32"
    Info (12134): Parameter "LPM_WIDTHP" = "64"
    Info (12134): Parameter "LPM_WIDTHR" = "64"
    Info (12134): Parameter "LPM_WIDTHS" = "1"
    Info (12134): Parameter "LPM_REPRESENTATION" = "SIGNED"
    Info (12134): Parameter "INPUT_A_IS_CONSTANT" = "NO"
    Info (12134): Parameter "INPUT_B_IS_CONSTANT" = "NO"
    Info (12134): Parameter "MAXIMIZE_SPEED" = "5"
Info (12021): Found 1 design units, including 1 entities, in source file db/mult_0qs.tdf
    Info (12023): Found entity 1: mult_0qs
Warning (14284): Synthesized away the following node(s):
    Warning (14285): Synthesized away the following LCELL buffer node(s):
        Warning (14320): Synthesized away node "lpm_mult:Mult0|mult_0qs:auto_generated|le2a[32]"
        Warning (14320): Synthesized away node "lpm_mult:Mult0|mult_0qs:auto_generated|le2a[31]"
        Warning (14320): Synthesized away node "lpm_mult:Mult0|mult_0qs:auto_generated|le4a[32]"
        Warning (14320): Synthesized away node "lpm_mult:Mult0|mult_0qs:auto_generated|le4a[31]"
Warning (14284): Synthesized away the following node(s):
    Warning (14285): Synthesized away the following LCELL buffer node(s):
        Warning (14320): Synthesized away node "lpm_mult:Mult0|mult_0qs:auto_generated|le18a[32]"
        Warning (14320): Synthesized away node "lpm_mult:Mult0|mult_0qs:auto_generated|le18a[31]"
        Warning (14320): Synthesized away node "lpm_mult:Mult0|mult_0qs:auto_generated|le19a[32]"
        Warning (14320): Synthesized away node "lpm_mult:Mult0|mult_0qs:auto_generated|le19a[31]"
        Warning (14320): Synthesized away node "lpm_mult:Mult0|mult_0qs:auto_generated|le19a[30]"
        Warning (14320): Synthesized away node "lpm_mult:Mult0|mult_0qs:auto_generated|le19a[29]"
        Warning (14320): Synthesized away node "lpm_mult:Mult0|mult_0qs:auto_generated|le19a[28]"
        Warning (14320): Synthesized away node "lpm_mult:Mult0|mult_0qs:auto_generated|le19a[27]"
        Warning (14320): Synthesized away node "lpm_mult:Mult0|mult_0qs:auto_generated|le2a[30]"
        Warning (14320): Synthesized away node "lpm_mult:Mult0|mult_0qs:auto_generated|le2a[29]"
        Warning (14320): Synthesized away node "lpm_mult:Mult0|mult_0qs:auto_generated|le2a[28]"
        Warning (14320): Synthesized away node "lpm_mult:Mult0|mult_0qs:auto_generated|le2a[27]"
        Warning (14320): Synthesized away node "lpm_mult:Mult0|mult_0qs:auto_generated|le2a[26]"
        Warning (14320): Synthesized away node "lpm_mult:Mult0|mult_0qs:auto_generated|le2a[25]"
        Warning (14320): Synthesized away node "lpm_mult:Mult0|mult_0qs:auto_generated|le2a[24]"
        Warning (14320): Synthesized away node "lpm_mult:Mult0|mult_0qs:auto_generated|le2a[23]"
        Warning (14320): Synthesized away node "lpm_mult:Mult0|mult_0qs:auto_generated|le4a[30]"
        Warning (14320): Synthesized away node "lpm_mult:Mult0|mult_0qs:auto_generated|le4a[29]"
        Warning (14320): Synthesized away node "lpm_mult:Mult0|mult_0qs:auto_generated|le4a[28]"
        Warning (14320): Synthesized away node "lpm_mult:Mult0|mult_0qs:auto_generated|le4a[27]"
        Warning (14320): Synthesized away node "lpm_mult:Mult0|mult_0qs:auto_generated|le4a[26]"
        Warning (14320): Synthesized away node "lpm_mult:Mult0|mult_0qs:auto_generated|le4a[25]"
        Warning (14320): Synthesized away node "lpm_mult:Mult0|mult_0qs:auto_generated|le4a[24]"
        Warning (14320): Synthesized away node "lpm_mult:Mult0|mult_0qs:auto_generated|le4a[23]"
Warning (14284): Synthesized away the following node(s):
    Warning (14285): Synthesized away the following LCELL buffer node(s):
        Warning (14320): Synthesized away node "lpm_mult:Mult0|mult_0qs:auto_generated|le14a[32]"
        Warning (14320): Synthesized away node "lpm_mult:Mult0|mult_0qs:auto_generated|le14a[31]"
        Warning (14320): Synthesized away node "lpm_mult:Mult0|mult_0qs:auto_generated|le15a[32]"
        Warning (14320): Synthesized away node "lpm_mult:Mult0|mult_0qs:auto_generated|le15a[31]"
        Warning (14320): Synthesized away node "lpm_mult:Mult0|mult_0qs:auto_generated|le15a[30]"
        Warning (14320): Synthesized away node "lpm_mult:Mult0|mult_0qs:auto_generated|le15a[29]"
        Warning (14320): Synthesized away node "lpm_mult:Mult0|mult_0qs:auto_generated|le15a[28]"
        Warning (14320): Synthesized away node "lpm_mult:Mult0|mult_0qs:auto_generated|le15a[27]"
        Warning (14320): Synthesized away node "lpm_mult:Mult0|mult_0qs:auto_generated|le16a[32]"
        Warning (14320): Synthesized away node "lpm_mult:Mult0|mult_0qs:auto_generated|le16a[31]"
        Warning (14320): Synthesized away node "lpm_mult:Mult0|mult_0qs:auto_generated|le16a[30]"
        Warning (14320): Synthesized away node "lpm_mult:Mult0|mult_0qs:auto_generated|le16a[29]"
        Warning (14320): Synthesized away node "lpm_mult:Mult0|mult_0qs:auto_generated|le16a[28]"
        Warning (14320): Synthesized away node "lpm_mult:Mult0|mult_0qs:auto_generated|le16a[27]"
        Warning (14320): Synthesized away node "lpm_mult:Mult0|mult_0qs:auto_generated|le16a[26]"
        Warning (14320): Synthesized away node "lpm_mult:Mult0|mult_0qs:auto_generated|le16a[25]"
        Warning (14320): Synthesized away node "lpm_mult:Mult0|mult_0qs:auto_generated|le16a[24]"
        Warning (14320): Synthesized away node "lpm_mult:Mult0|mult_0qs:auto_generated|le16a[23]"
        Warning (14320): Synthesized away node "lpm_mult:Mult0|mult_0qs:auto_generated|le17a[32]"
        Warning (14320): Synthesized away node "lpm_mult:Mult0|mult_0qs:auto_generated|le17a[31]"
        Warning (14320): Synthesized away node "lpm_mult:Mult0|mult_0qs:auto_generated|le17a[30]"
        Warning (14320): Synthesized away node "lpm_mult:Mult0|mult_0qs:auto_generated|le17a[29]"
        Warning (14320): Synthesized away node "lpm_mult:Mult0|mult_0qs:auto_generated|le17a[28]"
        Warning (14320): Synthesized away node "lpm_mult:Mult0|mult_0qs:auto_generated|le17a[27]"
        Warning (14320): Synthesized away node "lpm_mult:Mult0|mult_0qs:auto_generated|le17a[26]"
        Warning (14320): Synthesized away node "lpm_mult:Mult0|mult_0qs:auto_generated|le17a[25]"
        Warning (14320): Synthesized away node "lpm_mult:Mult0|mult_0qs:auto_generated|le17a[24]"
        Warning (14320): Synthesized away node "lpm_mult:Mult0|mult_0qs:auto_generated|le17a[23]"
        Warning (14320): Synthesized away node "lpm_mult:Mult0|mult_0qs:auto_generated|le17a[22]"
        Warning (14320): Synthesized away node "lpm_mult:Mult0|mult_0qs:auto_generated|le17a[21]"
        Warning (14320): Synthesized away node "lpm_mult:Mult0|mult_0qs:auto_generated|le17a[20]"
        Warning (14320): Synthesized away node "lpm_mult:Mult0|mult_0qs:auto_generated|le17a[19]"
        Warning (14320): Synthesized away node "lpm_mult:Mult0|mult_0qs:auto_generated|le18a[30]"
        Warning (14320): Synthesized away node "lpm_mult:Mult0|mult_0qs:auto_generated|le18a[29]"
        Warning (14320): Synthesized away node "lpm_mult:Mult0|mult_0qs:auto_generated|le18a[28]"
        Warning (14320): Synthesized away node "lpm_mult:Mult0|mult_0qs:auto_generated|le18a[27]"
        Warning (14320): Synthesized away node "lpm_mult:Mult0|mult_0qs:auto_generated|le18a[26]"
        Warning (14320): Synthesized away node "lpm_mult:Mult0|mult_0qs:auto_generated|le18a[25]"
        Warning (14320): Synthesized away node "lpm_mult:Mult0|mult_0qs:auto_generated|le18a[24]"
        Warning (14320): Synthesized away node "lpm_mult:Mult0|mult_0qs:auto_generated|le18a[23]"
        Warning (14320): Synthesized away node "lpm_mult:Mult0|mult_0qs:auto_generated|le18a[22]"
        Warning (14320): Synthesized away node "lpm_mult:Mult0|mult_0qs:auto_generated|le18a[21]"
        Warning (14320): Synthesized away node "lpm_mult:Mult0|mult_0qs:auto_generated|le18a[20]"
        Warning (14320): Synthesized away node "lpm_mult:Mult0|mult_0qs:auto_generated|le18a[19]"
        Warning (14320): Synthesized away node "lpm_mult:Mult0|mult_0qs:auto_generated|le18a[18]"
        Warning (14320): Synthesized away node "lpm_mult:Mult0|mult_0qs:auto_generated|le18a[17]"
        Warning (14320): Synthesized away node "lpm_mult:Mult0|mult_0qs:auto_generated|le18a[16]"
        Warning (14320): Synthesized away node "lpm_mult:Mult0|mult_0qs:auto_generated|le18a[15]"
        Warning (14320): Synthesized away node "lpm_mult:Mult0|mult_0qs:auto_generated|le19a[26]"
        Warning (14320): Synthesized away node "lpm_mult:Mult0|mult_0qs:auto_generated|le19a[25]"
        Warning (14320): Synthesized away node "lpm_mult:Mult0|mult_0qs:auto_generated|le19a[24]"
        Warning (14320): Synthesized away node "lpm_mult:Mult0|mult_0qs:auto_generated|le19a[23]"
        Warning (14320): Synthesized away node "lpm_mult:Mult0|mult_0qs:auto_generated|le19a[22]"
        Warning (14320): Synthesized away node "lpm_mult:Mult0|mult_0qs:auto_generated|le19a[21]"
        Warning (14320): Synthesized away node "lpm_mult:Mult0|mult_0qs:auto_generated|le19a[20]"
        Warning (14320): Synthesized away node "lpm_mult:Mult0|mult_0qs:auto_generated|le19a[19]"
        Warning (14320): Synthesized away node "lpm_mult:Mult0|mult_0qs:auto_generated|le19a[18]"
        Warning (14320): Synthesized away node "lpm_mult:Mult0|mult_0qs:auto_generated|le19a[17]"
        Warning (14320): Synthesized away node "lpm_mult:Mult0|mult_0qs:auto_generated|le19a[16]"
        Warning (14320): Synthesized away node "lpm_mult:Mult0|mult_0qs:auto_generated|le19a[15]"
        Warning (14320): Synthesized away node "lpm_mult:Mult0|mult_0qs:auto_generated|le19a[14]"
        Warning (14320): Synthesized away node "lpm_mult:Mult0|mult_0qs:auto_generated|le19a[13]"
        Warning (14320): Synthesized away node "lpm_mult:Mult0|mult_0qs:auto_generated|le19a[12]"
        Warning (14320): Synthesized away node "lpm_mult:Mult0|mult_0qs:auto_generated|le19a[11]"
        Warning (14320): Synthesized away node "lpm_mult:Mult0|mult_0qs:auto_generated|le2a[22]"
        Warning (14320): Synthesized away node "lpm_mult:Mult0|mult_0qs:auto_generated|le2a[21]"
        Warning (14320): Synthesized away node "lpm_mult:Mult0|mult_0qs:auto_generated|le2a[20]"
        Warning (14320): Synthesized away node "lpm_mult:Mult0|mult_0qs:auto_generated|le2a[19]"
        Warning (14320): Synthesized away node "lpm_mult:Mult0|mult_0qs:auto_generated|le2a[18]"
        Warning (14320): Synthesized away node "lpm_mult:Mult0|mult_0qs:auto_generated|le2a[17]"
        Warning (14320): Synthesized away node "lpm_mult:Mult0|mult_0qs:auto_generated|le2a[16]"
        Warning (14320): Synthesized away node "lpm_mult:Mult0|mult_0qs:auto_generated|le2a[15]"
        Warning (14320): Synthesized away node "lpm_mult:Mult0|mult_0qs:auto_generated|le2a[14]"
        Warning (14320): Synthesized away node "lpm_mult:Mult0|mult_0qs:auto_generated|le2a[13]"
        Warning (14320): Synthesized away node "lpm_mult:Mult0|mult_0qs:auto_generated|le2a[12]"
        Warning (14320): Synthesized away node "lpm_mult:Mult0|mult_0qs:auto_generated|le2a[11]"
        Warning (14320): Synthesized away node "lpm_mult:Mult0|mult_0qs:auto_generated|le2a[10]"
        Warning (14320): Synthesized away node "lpm_mult:Mult0|mult_0qs:auto_generated|le2a[9]"
        Warning (14320): Synthesized away node "lpm_mult:Mult0|mult_0qs:auto_generated|le2a[8]"
        Warning (14320): Synthesized away node "lpm_mult:Mult0|mult_0qs:auto_generated|le2a[7]"
        Warning (14320): Synthesized away node "lpm_mult:Mult0|mult_0qs:auto_generated|le4a[22]"
        Warning (14320): Synthesized away node "lpm_mult:Mult0|mult_0qs:auto_generated|le4a[21]"
        Warning (14320): Synthesized away node "lpm_mult:Mult0|mult_0qs:auto_generated|le4a[20]"
        Warning (14320): Synthesized away node "lpm_mult:Mult0|mult_0qs:auto_generated|le4a[19]"
        Warning (14320): Synthesized away node "lpm_mult:Mult0|mult_0qs:auto_generated|le4a[18]"
        Warning (14320): Synthesized away node "lpm_mult:Mult0|mult_0qs:auto_generated|le4a[17]"
        Warning (14320): Synthesized away node "lpm_mult:Mult0|mult_0qs:auto_generated|le4a[16]"
        Warning (14320): Synthesized away node "lpm_mult:Mult0|mult_0qs:auto_generated|le4a[15]"
        Warning (14320): Synthesized away node "lpm_mult:Mult0|mult_0qs:auto_generated|le4a[14]"
        Warning (14320): Synthesized away node "lpm_mult:Mult0|mult_0qs:auto_generated|le4a[13]"
        Warning (14320): Synthesized away node "lpm_mult:Mult0|mult_0qs:auto_generated|le4a[12]"
        Warning (14320): Synthesized away node "lpm_mult:Mult0|mult_0qs:auto_generated|le4a[11]"
        Warning (14320): Synthesized away node "lpm_mult:Mult0|mult_0qs:auto_generated|le4a[10]"
        Warning (14320): Synthesized away node "lpm_mult:Mult0|mult_0qs:auto_generated|le4a[9]"
        Warning (14320): Synthesized away node "lpm_mult:Mult0|mult_0qs:auto_generated|le4a[8]"
        Warning (14320): Synthesized away node "lpm_mult:Mult0|mult_0qs:auto_generated|le4a[7]"
Warning (14284): Synthesized away the following node(s):
    Warning (14285): Synthesized away the following LCELL buffer node(s):
        Warning (14320): Synthesized away node "lpm_mult:Mult0|mult_0qs:auto_generated|le10a[32]"
        Warning (14320): Synthesized away node "lpm_mult:Mult0|mult_0qs:auto_generated|le10a[31]"
        Warning (14320): Synthesized away node "lpm_mult:Mult0|mult_0qs:auto_generated|le10a[30]"
        Warning (14320): Synthesized away node "lpm_mult:Mult0|mult_0qs:auto_generated|le10a[29]"
        Warning (14320): Synthesized away node "lpm_mult:Mult0|mult_0qs:auto_generated|le10a[28]"
        Warning (14320): Synthesized away node "lpm_mult:Mult0|mult_0qs:auto_generated|le10a[27]"
        Warning (14320): Synthesized away node "lpm_mult:Mult0|mult_0qs:auto_generated|le10a[26]"
        Warning (14320): Synthesized away node "lpm_mult:Mult0|mult_0qs:auto_generated|le10a[25]"
        Warning (14320): Synthesized away node "lpm_mult:Mult0|mult_0qs:auto_generated|le10a[24]"
        Warning (14320): Synthesized away node "lpm_mult:Mult0|mult_0qs:auto_generated|le10a[23]"
        Warning (14320): Synthesized away node "lpm_mult:Mult0|mult_0qs:auto_generated|le10a[22]"
        Warning (14320): Synthesized away node "lpm_mult:Mult0|mult_0qs:auto_generated|le11a[32]"
        Warning (14320): Synthesized away node "lpm_mult:Mult0|mult_0qs:auto_generated|le11a[31]"
        Warning (14320): Synthesized away node "lpm_mult:Mult0|mult_0qs:auto_generated|le11a[30]"
        Warning (14320): Synthesized away node "lpm_mult:Mult0|mult_0qs:auto_generated|le11a[29]"
        Warning (14320): Synthesized away node "lpm_mult:Mult0|mult_0qs:auto_generated|le11a[28]"
        Warning (14320): Synthesized away node "lpm_mult:Mult0|mult_0qs:auto_generated|le11a[27]"
        Warning (14320): Synthesized away node "lpm_mult:Mult0|mult_0qs:auto_generated|le11a[26]"
        Warning (14320): Synthesized away node "lpm_mult:Mult0|mult_0qs:auto_generated|le11a[25]"
        Warning (14320): Synthesized away node "lpm_mult:Mult0|mult_0qs:auto_generated|le11a[24]"
        Warning (14320): Synthesized away node "lpm_mult:Mult0|mult_0qs:auto_generated|le11a[23]"
        Warning (14320): Synthesized away node "lpm_mult:Mult0|mult_0qs:auto_generated|le11a[22]"
        Warning (14320): Synthesized away node "lpm_mult:Mult0|mult_0qs:auto_generated|le11a[21]"
        Warning (14320): Synthesized away node "lpm_mult:Mult0|mult_0qs:auto_generated|le11a[20]"
        Warning (14320): Synthesized away node "lpm_mult:Mult0|mult_0qs:auto_generated|le12a[32]"
        Warning (14320): Synthesized away node "lpm_mult:Mult0|mult_0qs:auto_generated|le12a[31]"
        Warning (14320): Synthesized away node "lpm_mult:Mult0|mult_0qs:auto_generated|le12a[30]"
        Warning (14320): Synthesized away node "lpm_mult:Mult0|mult_0qs:auto_generated|le12a[29]"
        Warning (14320): Synthesized away node "lpm_mult:Mult0|mult_0qs:auto_generated|le12a[28]"
        Warning (14320): Synthesized away node "lpm_mult:Mult0|mult_0qs:auto_generated|le12a[27]"
        Warning (14320): Synthesized away node "lpm_mult:Mult0|mult_0qs:auto_generated|le12a[26]"
        Warning (14320): Synthesized away node "lpm_mult:Mult0|mult_0qs:auto_generated|le12a[25]"
        Warning (14320): Synthesized away node "lpm_mult:Mult0|mult_0qs:auto_generated|le12a[24]"
        Warning (14320): Synthesized away node "lpm_mult:Mult0|mult_0qs:auto_generated|le12a[23]"
        Warning (14320): Synthesized away node "lpm_mult:Mult0|mult_0qs:auto_generated|le12a[22]"
        Warning (14320): Synthesized away node "lpm_mult:Mult0|mult_0qs:auto_generated|le12a[21]"
        Warning (14320): Synthesized away node "lpm_mult:Mult0|mult_0qs:auto_generated|le12a[20]"
        Warning (14320): Synthesized away node "lpm_mult:Mult0|mult_0qs:auto_generated|le12a[19]"
        Warning (14320): Synthesized away node "lpm_mult:Mult0|mult_0qs:auto_generated|le12a[18]"
        Warning (14320): Synthesized away node "lpm_mult:Mult0|mult_0qs:auto_generated|le13a[32]"
        Warning (14320): Synthesized away node "lpm_mult:Mult0|mult_0qs:auto_generated|le13a[31]"
        Warning (14320): Synthesized away node "lpm_mult:Mult0|mult_0qs:auto_generated|le13a[30]"
        Warning (14320): Synthesized away node "lpm_mult:Mult0|mult_0qs:auto_generated|le13a[29]"
        Warning (14320): Synthesized away node "lpm_mult:Mult0|mult_0qs:auto_generated|le13a[28]"
        Warning (14320): Synthesized away node "lpm_mult:Mult0|mult_0qs:auto_generated|le13a[27]"
        Warning (14320): Synthesized away node "lpm_mult:Mult0|mult_0qs:auto_generated|le13a[26]"
        Warning (14320): Synthesized away node "lpm_mult:Mult0|mult_0qs:auto_generated|le13a[25]"
        Warning (14320): Synthesized away node "lpm_mult:Mult0|mult_0qs:auto_generated|le13a[24]"
        Warning (14320): Synthesized away node "lpm_mult:Mult0|mult_0qs:auto_generated|le13a[23]"
        Warning (14320): Synthesized away node "lpm_mult:Mult0|mult_0qs:auto_generated|le13a[22]"
        Warning (14320): Synthesized away node "lpm_mult:Mult0|mult_0qs:auto_generated|le13a[21]"
        Warning (14320): Synthesized away node "lpm_mult:Mult0|mult_0qs:auto_generated|le13a[20]"
        Warning (14320): Synthesized away node "lpm_mult:Mult0|mult_0qs:auto_generated|le13a[19]"
        Warning (14320): Synthesized away node "lpm_mult:Mult0|mult_0qs:auto_generated|le13a[18]"
        Warning (14320): Synthesized away node "lpm_mult:Mult0|mult_0qs:auto_generated|le13a[17]"
        Warning (14320): Synthesized away node "lpm_mult:Mult0|mult_0qs:auto_generated|le13a[16]"
        Warning (14320): Synthesized away node "lpm_mult:Mult0|mult_0qs:auto_generated|le14a[30]"
        Warning (14320): Synthesized away node "lpm_mult:Mult0|mult_0qs:auto_generated|le14a[29]"
        Warning (14320): Synthesized away node "lpm_mult:Mult0|mult_0qs:auto_generated|le14a[28]"
        Warning (14320): Synthesized away node "lpm_mult:Mult0|mult_0qs:auto_generated|le14a[27]"
        Warning (14320): Synthesized away node "lpm_mult:Mult0|mult_0qs:auto_generated|le14a[26]"
        Warning (14320): Synthesized away node "lpm_mult:Mult0|mult_0qs:auto_generated|le14a[25]"
        Warning (14320): Synthesized away node "lpm_mult:Mult0|mult_0qs:auto_generated|le14a[24]"
        Warning (14320): Synthesized away node "lpm_mult:Mult0|mult_0qs:auto_generated|le14a[23]"
        Warning (14320): Synthesized away node "lpm_mult:Mult0|mult_0qs:auto_generated|le14a[22]"
        Warning (14320): Synthesized away node "lpm_mult:Mult0|mult_0qs:auto_generated|le14a[21]"
        Warning (14320): Synthesized away node "lpm_mult:Mult0|mult_0qs:auto_generated|le14a[20]"
        Warning (14320): Synthesized away node "lpm_mult:Mult0|mult_0qs:auto_generated|le14a[19]"
        Warning (14320): Synthesized away node "lpm_mult:Mult0|mult_0qs:auto_generated|le14a[18]"
        Warning (14320): Synthesized away node "lpm_mult:Mult0|mult_0qs:auto_generated|le14a[17]"
        Warning (14320): Synthesized away node "lpm_mult:Mult0|mult_0qs:auto_generated|le14a[16]"
        Warning (14320): Synthesized away node "lpm_mult:Mult0|mult_0qs:auto_generated|le14a[15]"
        Warning (14320): Synthesized away node "lpm_mult:Mult0|mult_0qs:auto_generated|le14a[14]"
        Warning (14320): Synthesized away node "lpm_mult:Mult0|mult_0qs:auto_generated|le15a[26]"
        Warning (14320): Synthesized away node "lpm_mult:Mult0|mult_0qs:auto_generated|le15a[25]"
        Warning (14320): Synthesized away node "lpm_mult:Mult0|mult_0qs:auto_generated|le15a[24]"
        Warning (14320): Synthesized away node "lpm_mult:Mult0|mult_0qs:auto_generated|le15a[23]"
        Warning (14320): Synthesized away node "lpm_mult:Mult0|mult_0qs:auto_generated|le15a[22]"
        Warning (14320): Synthesized away node "lpm_mult:Mult0|mult_0qs:auto_generated|le15a[21]"
        Warning (14320): Synthesized away node "lpm_mult:Mult0|mult_0qs:auto_generated|le15a[20]"
        Warning (14320): Synthesized away node "lpm_mult:Mult0|mult_0qs:auto_generated|le15a[19]"
        Warning (14320): Synthesized away node "lpm_mult:Mult0|mult_0qs:auto_generated|le15a[18]"
        Warning (14320): Synthesized away node "lpm_mult:Mult0|mult_0qs:auto_generated|le15a[17]"
        Warning (14320): Synthesized away node "lpm_mult:Mult0|mult_0qs:auto_generated|le15a[16]"
        Warning (14320): Synthesized away node "lpm_mult:Mult0|mult_0qs:auto_generated|le15a[15]"
        Warning (14320): Synthesized away node "lpm_mult:Mult0|mult_0qs:auto_generated|le15a[14]"
        Warning (14320): Synthesized away node "lpm_mult:Mult0|mult_0qs:auto_generated|le15a[13]"
        Warning (14320): Synthesized away node "lpm_mult:Mult0|mult_0qs:auto_generated|le15a[12]"
        Warning (14320): Synthesized away node "lpm_mult:Mult0|mult_0qs:auto_generated|le16a[22]"
        Warning (14320): Synthesized away node "lpm_mult:Mult0|mult_0qs:auto_generated|le16a[21]"
        Warning (14320): Synthesized away node "lpm_mult:Mult0|mult_0qs:auto_generated|le16a[20]"
        Warning (14320): Synthesized away node "lpm_mult:Mult0|mult_0qs:auto_generated|le16a[19]"
        Warning (14320): Synthesized away node "lpm_mult:Mult0|mult_0qs:auto_generated|le16a[18]"
        Warning (14320): Synthesized away node "lpm_mult:Mult0|mult_0qs:auto_generated|le16a[17]"
        Warning (14320): Synthesized away node "lpm_mult:Mult0|mult_0qs:auto_generated|le16a[16]"
        Warning (14320): Synthesized away node "lpm_mult:Mult0|mult_0qs:auto_generated|le16a[15]"
        Warning (14320): Synthesized away node "lpm_mult:Mult0|mult_0qs:auto_generated|le16a[14]"
        Warning (14320): Synthesized away node "lpm_mult:Mult0|mult_0qs:auto_generated|le16a[13]"
        Warning (14320): Synthesized away node "lpm_mult:Mult0|mult_0qs:auto_generated|le16a[12]"
        Warning (14320): Synthesized away node "lpm_mult:Mult0|mult_0qs:auto_generated|le16a[11]"
        Warning (14320): Synthesized away node "lpm_mult:Mult0|mult_0qs:auto_generated|le16a[10]"
        Warning (14320): Synthesized away node "lpm_mult:Mult0|mult_0qs:auto_generated|le17a[18]"
        Warning (14320): Synthesized away node "lpm_mult:Mult0|mult_0qs:auto_generated|le17a[17]"
        Warning (14320): Synthesized away node "lpm_mult:Mult0|mult_0qs:auto_generated|le17a[16]"
        Warning (14320): Synthesized away node "lpm_mult:Mult0|mult_0qs:auto_generated|le17a[15]"
        Warning (14320): Synthesized away node "lpm_mult:Mult0|mult_0qs:auto_generated|le17a[14]"
        Warning (14320): Synthesized away node "lpm_mult:Mult0|mult_0qs:auto_generated|le17a[13]"
        Warning (14320): Synthesized away node "lpm_mult:Mult0|mult_0qs:auto_generated|le17a[12]"
        Warning (14320): Synthesized away node "lpm_mult:Mult0|mult_0qs:auto_generated|le17a[11]"
        Warning (14320): Synthesized away node "lpm_mult:Mult0|mult_0qs:auto_generated|le17a[10]"
        Warning (14320): Synthesized away node "lpm_mult:Mult0|mult_0qs:auto_generated|le17a[9]"
        Warning (14320): Synthesized away node "lpm_mult:Mult0|mult_0qs:auto_generated|le17a[8]"
        Warning (14320): Synthesized away node "lpm_mult:Mult0|mult_0qs:auto_generated|le18a[14]"
        Warning (14320): Synthesized away node "lpm_mult:Mult0|mult_0qs:auto_generated|le18a[13]"
        Warning (14320): Synthesized away node "lpm_mult:Mult0|mult_0qs:auto_generated|le18a[12]"
        Warning (14320): Synthesized away node "lpm_mult:Mult0|mult_0qs:auto_generated|le18a[11]"
        Warning (14320): Synthesized away node "lpm_mult:Mult0|mult_0qs:auto_generated|le18a[10]"
        Warning (14320): Synthesized away node "lpm_mult:Mult0|mult_0qs:auto_generated|le18a[9]"
        Warning (14320): Synthesized away node "lpm_mult:Mult0|mult_0qs:auto_generated|le18a[8]"
        Warning (14320): Synthesized away node "lpm_mult:Mult0|mult_0qs:auto_generated|le18a[7]"
        Warning (14320): Synthesized away node "lpm_mult:Mult0|mult_0qs:auto_generated|le18a[6]"
        Warning (14320): Synthesized away node "lpm_mult:Mult0|mult_0qs:auto_generated|le19a[10]"
        Warning (14320): Synthesized away node "lpm_mult:Mult0|mult_0qs:auto_generated|le19a[9]"
        Warning (14320): Synthesized away node "lpm_mult:Mult0|mult_0qs:auto_generated|le19a[8]"
        Warning (14320): Synthesized away node "lpm_mult:Mult0|mult_0qs:auto_generated|le19a[7]"
        Warning (14320): Synthesized away node "lpm_mult:Mult0|mult_0qs:auto_generated|le19a[6]"
        Warning (14320): Synthesized away node "lpm_mult:Mult0|mult_0qs:auto_generated|le19a[5]"
        Warning (14320): Synthesized away node "lpm_mult:Mult0|mult_0qs:auto_generated|le19a[4]"
        Warning (14320): Synthesized away node "lpm_mult:Mult0|mult_0qs:auto_generated|le2a[6]"
        Warning (14320): Synthesized away node "lpm_mult:Mult0|mult_0qs:auto_generated|le2a[5]"
        Warning (14320): Synthesized away node "lpm_mult:Mult0|mult_0qs:auto_generated|le2a[4]"
        Warning (14320): Synthesized away node "lpm_mult:Mult0|mult_0qs:auto_generated|le2a[3]"
        Warning (14320): Synthesized away node "lpm_mult:Mult0|mult_0qs:auto_generated|le2a[2]"
        Warning (14320): Synthesized away node "lpm_mult:Mult0|mult_0qs:auto_generated|le4a[6]"
        Warning (14320): Synthesized away node "lpm_mult:Mult0|mult_0qs:auto_generated|le4a[5]"
        Warning (14320): Synthesized away node "lpm_mult:Mult0|mult_0qs:auto_generated|le4a[4]"
        Warning (14320): Synthesized away node "lpm_mult:Mult0|mult_0qs:auto_generated|le4a[3]"
        Warning (14320): Synthesized away node "lpm_mult:Mult0|mult_0qs:auto_generated|le4a[2]"
        Warning (14320): Synthesized away node "lpm_mult:Mult0|mult_0qs:auto_generated|le6a[32]"
        Warning (14320): Synthesized away node "lpm_mult:Mult0|mult_0qs:auto_generated|le6a[31]"
        Warning (14320): Synthesized away node "lpm_mult:Mult0|mult_0qs:auto_generated|le6a[30]"
        Warning (14320): Synthesized away node "lpm_mult:Mult0|mult_0qs:auto_generated|le7a[32]"
        Warning (14320): Synthesized away node "lpm_mult:Mult0|mult_0qs:auto_generated|le7a[31]"
        Warning (14320): Synthesized away node "lpm_mult:Mult0|mult_0qs:auto_generated|le7a[30]"
        Warning (14320): Synthesized away node "lpm_mult:Mult0|mult_0qs:auto_generated|le7a[29]"
        Warning (14320): Synthesized away node "lpm_mult:Mult0|mult_0qs:auto_generated|le7a[28]"
        Warning (14320): Synthesized away node "lpm_mult:Mult0|mult_0qs:auto_generated|le8a[32]"
        Warning (14320): Synthesized away node "lpm_mult:Mult0|mult_0qs:auto_generated|le8a[31]"
        Warning (14320): Synthesized away node "lpm_mult:Mult0|mult_0qs:auto_generated|le8a[30]"
        Warning (14320): Synthesized away node "lpm_mult:Mult0|mult_0qs:auto_generated|le8a[29]"
        Warning (14320): Synthesized away node "lpm_mult:Mult0|mult_0qs:auto_generated|le8a[28]"
        Warning (14320): Synthesized away node "lpm_mult:Mult0|mult_0qs:auto_generated|le8a[27]"
        Warning (14320): Synthesized away node "lpm_mult:Mult0|mult_0qs:auto_generated|le8a[26]"
        Warning (14320): Synthesized away node "lpm_mult:Mult0|mult_0qs:auto_generated|le9a[32]"
        Warning (14320): Synthesized away node "lpm_mult:Mult0|mult_0qs:auto_generated|le9a[31]"
        Warning (14320): Synthesized away node "lpm_mult:Mult0|mult_0qs:auto_generated|le9a[30]"
        Warning (14320): Synthesized away node "lpm_mult:Mult0|mult_0qs:auto_generated|le9a[29]"
        Warning (14320): Synthesized away node "lpm_mult:Mult0|mult_0qs:auto_generated|le9a[28]"
        Warning (14320): Synthesized away node "lpm_mult:Mult0|mult_0qs:auto_generated|le9a[27]"
        Warning (14320): Synthesized away node "lpm_mult:Mult0|mult_0qs:auto_generated|le9a[26]"
        Warning (14320): Synthesized away node "lpm_mult:Mult0|mult_0qs:auto_generated|le9a[25]"
        Warning (14320): Synthesized away node "lpm_mult:Mult0|mult_0qs:auto_generated|le9a[24]"
Warning (14284): Synthesized away the following node(s):
    Warning (14285): Synthesized away the following LCELL buffer node(s):
        Warning (14320): Synthesized away node "lpm_mult:Mult0|mult_0qs:auto_generated|le5a[32]"
Info (13014): Ignored 800 buffer(s)
    Info (13019): Ignored 800 SOFT buffer(s)
Info (16010): Generating hard_block partition "hard_block:auto_generated_inst"
    Info (16011): Adding 0 node(s), including 0 DDIO, 0 PLL, 0 transceiver and 0 LCELL
Info (21057): Implemented 674 device resources after synthesis - the final resource count might be different
    Info (21058): Implemented 64 input pins
    Info (21059): Implemented 32 output pins
    Info (21061): Implemented 578 logic cells
Info: Quartus II 32-bit Analysis & Synthesis was successful. 0 errors, 297 warnings
    Info: Peak virtual memory: 373 megabytes
    Info: Processing ended: Wed Aug 21 09:19:40 2019
    Info: Elapsed time: 00:00:03
    Info: Total CPU time (on all processors): 00:00:02


